[ 2017-06-26T15:14:10+08:00 ] 192.168.98.130 192.168.98.130 GET /
[ log ] 192.168.98.130/ [运行时间：1.227937s][吞吐率：0.81req/s] [内存消耗：1,954.95kb] [文件加载：48]
[ info ] [ LANG ] C:\phpstuby\WWW\thinkphp\thinkphp\lang\zh-cn.php
[ info ] [ ROUTE ] array (
  'type' => 'module',
  'module' => 
  array (
    0 => '',
    1 => NULL,
    2 => NULL,
  ),
)
[ info ] [ HEADER ] array (
  'accept' => 'image/gif, image/jpeg, image/pjpeg, application/x-ms-application, application/xaml+xml, application/x-ms-xbap, */*',
  'accept-language' => 'zh-CN',
  'user-agent' => 'Mozilla/4.0 (compatible; MSIE 7.0; Windows NT 10.0; WOW64; Trident/7.0; .NET4.0C; .NET4.0E; Tablet PC 2.0; .NET CLR 2.0.50727; .NET CLR 3.0.30729; .NET CLR 3.5.30729; HCTE)',
  'accept-encoding' => 'gzip, deflate',
  'host' => '192.168.98.130',
  'connection' => 'Keep-Alive',
)
[ info ] [ PARAM ] array (
)
[ info ] [ SESSION ] INIT array (
  'id' => '',
  'var_session_id' => '',
  'prefix' => 'think',
  'type' => '',
  'auto_start' => true,
)
[ info ] [ LOG ] INIT File

---------------------------------------------------------------
[ 2017-06-26T15:14:10+08:00 ] 192.168.98.130 192.168.98.130 GET /admin/login/login.html
[ log ] 192.168.98.130/admin/login/login.html [运行时间：0.138045s][吞吐率：7.24req/s] [内存消耗：1,705.02kb] [文件加载：46]
[ info ] [ LANG ] C:\phpstuby\WWW\thinkphp\thinkphp\lang\zh-cn.php
[ info ] [ ROUTE ] array (
  'type' => 'module',
  'module' => 
  array (
    0 => 'admin',
    1 => 'login',
    2 => 'login',
  ),
)
[ info ] [ HEADER ] array (
  'accept' => 'image/gif, image/jpeg, image/pjpeg, application/x-ms-application, application/xaml+xml, application/x-ms-xbap, */*',
  'accept-language' => 'zh-CN',
  'user-agent' => 'Mozilla/4.0 (compatible; MSIE 7.0; Windows NT 10.0; WOW64; Trident/7.0; .NET4.0C; .NET4.0E; Tablet PC 2.0; .NET CLR 2.0.50727; .NET CLR 3.0.30729; .NET CLR 3.5.30729; HCTE)',
  'accept-encoding' => 'gzip, deflate',
  'host' => '192.168.98.130',
  'connection' => 'Keep-Alive',
  'cookie' => 'PHPSESSID=tevc18b9pej2e9lth1vptvg526',
)
[ info ] [ PARAM ] array (
)
[ info ] [ RUN ] app\admin\controller\Login->login[ C:\phpstuby\WWW\thinkphp\application\admin\controller\Login.php ]
[ info ] [ SESSION ] INIT array (
  'id' => '',
  'var_session_id' => '',
  'prefix' => 'think',
  'type' => '',
  'auto_start' => true,
)
[ info ] [ VIEW ] C:\phpstuby\WWW\thinkphp\public/../application/admin\view\login\login.html [ array (
) ]
[ info ] [ LOG ] INIT File

---------------------------------------------------------------
[ 2017-06-26T15:14:25+08:00 ] 192.168.98.130 192.168.98.130 GET /index.php/admin/Test/index
[ log ] 192.168.98.130/index.php/admin/Test/index [运行时间：0.133457s][吞吐率：7.49req/s] [内存消耗：1,381.45kb] [文件加载：40]
[ info ] [ LANG ] C:\phpstuby\WWW\thinkphp\thinkphp\lang\zh-cn.php
[ info ] [ ROUTE ] array (
  'type' => 'module',
  'module' => 
  array (
    0 => 'admin',
    1 => 'Test',
    2 => 'index',
  ),
)
[ info ] [ HEADER ] array (
  'host' => '192.168.98.130',
  'connection' => 'keep-alive',
  'accept' => 'text/html,application/xhtml+xml,application/xml;q=0.9,image/webp,*/*;q=0.8',
  'upgrade-insecure-requests' => '1',
  'user-agent' => 'Mozilla/5.0 (Windows NT 10.0; WOW64) AppleWebKit/537.36 (KHTML, like Gecko) Chrome/45.0.2454.101 Safari/537.36',
  'accept-encoding' => 'gzip, deflate, sdch',
  'accept-language' => 'zh-CN,zh;q=0.8',
  'cookie' => 'PHPSESSID=tevc18b9pej2e9lth1vptvg526',
)
[ info ] [ PARAM ] array (
)
[ info ] [ LOG ] INIT File

---------------------------------------------------------------
[ 2017-06-26T15:14:39+08:00 ] 192.168.98.130 192.168.98.130 GET /
[ log ] 192.168.98.130/ [运行时间：0.051729s][吞吐率：19.33req/s] [内存消耗：1,954.91kb] [文件加载：48]
[ info ] [ LANG ] C:\phpstuby\WWW\thinkphp\thinkphp\lang\zh-cn.php
[ info ] [ ROUTE ] array (
  'type' => 'module',
  'module' => 
  array (
    0 => '',
    1 => NULL,
    2 => NULL,
  ),
)
[ info ] [ HEADER ] array (
  'host' => '192.168.98.130',
  'connection' => 'keep-alive',
  'accept' => 'text/html,application/xhtml+xml,application/xml;q=0.9,image/webp,*/*;q=0.8',
  'upgrade-insecure-requests' => '1',
  'user-agent' => 'Mozilla/5.0 (Windows NT 10.0; WOW64) AppleWebKit/537.36 (KHTML, like Gecko) Chrome/45.0.2454.101 Safari/537.36',
  'accept-encoding' => 'gzip, deflate, sdch',
  'accept-language' => 'zh-CN,zh;q=0.8',
  'cookie' => 'PHPSESSID=tevc18b9pej2e9lth1vptvg526',
)
[ info ] [ PARAM ] array (
)
[ info ] [ SESSION ] INIT array (
  'id' => '',
  'var_session_id' => '',
  'prefix' => 'think',
  'type' => '',
  'auto_start' => true,
)
[ info ] [ LOG ] INIT File

---------------------------------------------------------------
[ 2017-06-26T15:14:39+08:00 ] 192.168.98.130 192.168.98.130 GET /admin/login/login.html
[ log ] 192.168.98.130/admin/login/login.html [运行时间：0.039823s][吞吐率：25.11req/s] [内存消耗：1,705.11kb] [文件加载：46]
[ info ] [ LANG ] C:\phpstuby\WWW\thinkphp\thinkphp\lang\zh-cn.php
[ info ] [ ROUTE ] array (
  'type' => 'module',
  'module' => 
  array (
    0 => 'admin',
    1 => 'login',
    2 => 'login',
  ),
)
[ info ] [ HEADER ] array (
  'host' => '192.168.98.130',
  'connection' => 'keep-alive',
  'accept' => 'text/html,application/xhtml+xml,application/xml;q=0.9,image/webp,*/*;q=0.8',
  'upgrade-insecure-requests' => '1',
  'user-agent' => 'Mozilla/5.0 (Windows NT 10.0; WOW64) AppleWebKit/537.36 (KHTML, like Gecko) Chrome/45.0.2454.101 Safari/537.36',
  'accept-encoding' => 'gzip, deflate, sdch',
  'accept-language' => 'zh-CN,zh;q=0.8',
  'cookie' => 'PHPSESSID=tevc18b9pej2e9lth1vptvg526',
)
[ info ] [ PARAM ] array (
)
[ info ] [ RUN ] app\admin\controller\Login->login[ C:\phpstuby\WWW\thinkphp\application\admin\controller\Login.php ]
[ info ] [ SESSION ] INIT array (
  'id' => '',
  'var_session_id' => '',
  'prefix' => 'think',
  'type' => '',
  'auto_start' => true,
)
[ info ] [ VIEW ] C:\phpstuby\WWW\thinkphp\public/../application/admin\view\login\login.html [ array (
) ]
[ info ] [ LOG ] INIT File

---------------------------------------------------------------
[ 2017-06-26T15:23:30+08:00 ] 192.168.98.130 192.168.98.130 GET /index.php/test/Index/app
[ log ] 192.168.98.130/index.php/test/Index/app [运行时间：0.201797s][吞吐率：4.96req/s] [内存消耗：2,333.87kb] [文件加载：54]
[ info ] [ LANG ] C:\phpstuby\WWW\thinkphp\thinkphp\lang\zh-cn.php
[ info ] [ ROUTE ] array (
  'type' => 'module',
  'module' => 
  array (
    0 => 'test',
    1 => 'Index',
    2 => 'app',
  ),
)
[ info ] [ HEADER ] array (
  'host' => '192.168.98.130',
  'connection' => 'keep-alive',
  'accept' => 'text/html,application/xhtml+xml,application/xml;q=0.9,image/webp,*/*;q=0.8',
  'upgrade-insecure-requests' => '1',
  'user-agent' => 'Mozilla/5.0 (Windows NT 10.0; WOW64) AppleWebKit/537.36 (KHTML, like Gecko) Chrome/45.0.2454.101 Safari/537.36',
  'accept-encoding' => 'gzip, deflate, sdch',
  'accept-language' => 'zh-CN,zh;q=0.8',
  'cookie' => 'PHPSESSID=tevc18b9pej2e9lth1vptvg526',
)
[ info ] [ PARAM ] array (
)
[ info ] [ RUN ] app\test\controller\Index->app[ C:\phpstuby\WWW\thinkphp\application\test\controller\Index.php ]
[ info ] [ DB ] INIT mysql
[ info ] [ LOG ] INIT File
[ error ] [8]未定义数组索引: username[C:\phpstuby\WWW\thinkphp\application\test\controller\Index.php:21]

---------------------------------------------------------------
[ 2017-06-26T15:29:14+08:00 ] 192.168.98.130 192.168.98.130 GET /index.php/test/Index/app
[ log ] 192.168.98.130/index.php/test/Index/app [运行时间：0.064843s][吞吐率：15.42req/s] [内存消耗：2,334.09kb] [文件加载：54]
[ info ] [ LANG ] C:\phpstuby\WWW\thinkphp\thinkphp\lang\zh-cn.php
[ info ] [ ROUTE ] array (
  'type' => 'module',
  'module' => 
  array (
    0 => 'test',
    1 => 'Index',
    2 => 'app',
  ),
)
[ info ] [ HEADER ] array (
  'host' => '192.168.98.130',
  'connection' => 'keep-alive',
  'cache-control' => 'max-age=0',
  'accept' => 'text/html,application/xhtml+xml,application/xml;q=0.9,image/webp,*/*;q=0.8',
  'upgrade-insecure-requests' => '1',
  'user-agent' => 'Mozilla/5.0 (Windows NT 10.0; WOW64) AppleWebKit/537.36 (KHTML, like Gecko) Chrome/45.0.2454.101 Safari/537.36',
  'accept-encoding' => 'gzip, deflate, sdch',
  'accept-language' => 'zh-CN,zh;q=0.8',
  'cookie' => 'PHPSESSID=tevc18b9pej2e9lth1vptvg526',
)
[ info ] [ PARAM ] array (
)
[ info ] [ RUN ] app\test\controller\Index->app[ C:\phpstuby\WWW\thinkphp\application\test\controller\Index.php ]
[ info ] [ DB ] INIT mysql
[ info ] [ LOG ] INIT File
[ error ] [8]未定义数组索引: username[C:\phpstuby\WWW\thinkphp\application\test\controller\Index.php:21]

---------------------------------------------------------------
[ 2017-06-26T15:30:12+08:00 ] 192.168.98.130 192.168.98.130 GET /index.php/test/Index/app
[ log ] 192.168.98.130/index.php/test/Index/app [运行时间：0.067251s][吞吐率：14.87req/s] [内存消耗：2,334.09kb] [文件加载：54]
[ info ] [ LANG ] C:\phpstuby\WWW\thinkphp\thinkphp\lang\zh-cn.php
[ info ] [ ROUTE ] array (
  'type' => 'module',
  'module' => 
  array (
    0 => 'test',
    1 => 'Index',
    2 => 'app',
  ),
)
[ info ] [ HEADER ] array (
  'host' => '192.168.98.130',
  'connection' => 'keep-alive',
  'cache-control' => 'max-age=0',
  'accept' => 'text/html,application/xhtml+xml,application/xml;q=0.9,image/webp,*/*;q=0.8',
  'upgrade-insecure-requests' => '1',
  'user-agent' => 'Mozilla/5.0 (Windows NT 10.0; WOW64) AppleWebKit/537.36 (KHTML, like Gecko) Chrome/45.0.2454.101 Safari/537.36',
  'accept-encoding' => 'gzip, deflate, sdch',
  'accept-language' => 'zh-CN,zh;q=0.8',
  'cookie' => 'PHPSESSID=tevc18b9pej2e9lth1vptvg526',
)
[ info ] [ PARAM ] array (
)
[ info ] [ RUN ] app\test\controller\Index->app[ C:\phpstuby\WWW\thinkphp\application\test\controller\Index.php ]
[ info ] [ DB ] INIT mysql
[ info ] [ LOG ] INIT File
[ error ] [8]未定义数组索引: username[C:\phpstuby\WWW\thinkphp\application\test\controller\Index.php:21]

---------------------------------------------------------------
[ 2017-06-26T15:30:33+08:00 ] 192.168.98.130 192.168.98.130 GET /index.php/test/Index/app
[ log ] 192.168.98.130/index.php/test/Index/app [运行时间：0.066222s][吞吐率：15.10req/s] [内存消耗：2,334.32kb] [文件加载：54]
[ info ] [ LANG ] C:\phpstuby\WWW\thinkphp\thinkphp\lang\zh-cn.php
[ info ] [ ROUTE ] array (
  'type' => 'module',
  'module' => 
  array (
    0 => 'test',
    1 => 'Index',
    2 => 'app',
  ),
)
[ info ] [ HEADER ] array (
  'host' => '192.168.98.130',
  'connection' => 'keep-alive',
  'cache-control' => 'max-age=0',
  'accept' => 'text/html,application/xhtml+xml,application/xml;q=0.9,image/webp,*/*;q=0.8',
  'upgrade-insecure-requests' => '1',
  'user-agent' => 'Mozilla/5.0 (Windows NT 10.0; WOW64) AppleWebKit/537.36 (KHTML, like Gecko) Chrome/45.0.2454.101 Safari/537.36',
  'accept-encoding' => 'gzip, deflate, sdch',
  'accept-language' => 'zh-CN,zh;q=0.8',
  'cookie' => 'PHPSESSID=tevc18b9pej2e9lth1vptvg526',
)
[ info ] [ PARAM ] array (
)
[ info ] [ RUN ] app\test\controller\Index->app[ C:\phpstuby\WWW\thinkphp\application\test\controller\Index.php ]
[ info ] [ DB ] INIT mysql
[ info ] [ LOG ] INIT File
[ error ] [8]未定义数组索引: username[C:\phpstuby\WWW\thinkphp\application\test\controller\Index.php:21]

---------------------------------------------------------------
[ 2017-06-26T15:31:03+08:00 ] 192.168.98.130 192.168.98.130 GET /index.php/test/Index/app
[ log ] 192.168.98.130/index.php/test/Index/app [运行时间：0.057011s][吞吐率：17.54req/s] [内存消耗：2,334.35kb] [文件加载：54]
[ info ] [ LANG ] C:\phpstuby\WWW\thinkphp\thinkphp\lang\zh-cn.php
[ info ] [ ROUTE ] array (
  'type' => 'module',
  'module' => 
  array (
    0 => 'test',
    1 => 'Index',
    2 => 'app',
  ),
)
[ info ] [ HEADER ] array (
  'host' => '192.168.98.130',
  'connection' => 'keep-alive',
  'cache-control' => 'max-age=0',
  'accept' => 'text/html,application/xhtml+xml,application/xml;q=0.9,image/webp,*/*;q=0.8',
  'upgrade-insecure-requests' => '1',
  'user-agent' => 'Mozilla/5.0 (Windows NT 10.0; WOW64) AppleWebKit/537.36 (KHTML, like Gecko) Chrome/45.0.2454.101 Safari/537.36',
  'accept-encoding' => 'gzip, deflate, sdch',
  'accept-language' => 'zh-CN,zh;q=0.8',
  'cookie' => 'PHPSESSID=tevc18b9pej2e9lth1vptvg526',
)
[ info ] [ PARAM ] array (
)
[ info ] [ RUN ] app\test\controller\Index->app[ C:\phpstuby\WWW\thinkphp\application\test\controller\Index.php ]
[ info ] [ DB ] INIT mysql
[ info ] [ LOG ] INIT File
[ error ] [8]未定义数组索引: username[C:\phpstuby\WWW\thinkphp\application\test\controller\Index.php:21]

---------------------------------------------------------------
[ 2017-06-26T15:31:04+08:00 ] 192.168.98.130 192.168.98.130 GET /index.php/test/Index/app
[ log ] 192.168.98.130/index.php/test/Index/app [运行时间：0.056275s][吞吐率：17.77req/s] [内存消耗：2,334.35kb] [文件加载：54]
[ info ] [ LANG ] C:\phpstuby\WWW\thinkphp\thinkphp\lang\zh-cn.php
[ info ] [ ROUTE ] array (
  'type' => 'module',
  'module' => 
  array (
    0 => 'test',
    1 => 'Index',
    2 => 'app',
  ),
)
[ info ] [ HEADER ] array (
  'host' => '192.168.98.130',
  'connection' => 'keep-alive',
  'cache-control' => 'max-age=0',
  'accept' => 'text/html,application/xhtml+xml,application/xml;q=0.9,image/webp,*/*;q=0.8',
  'upgrade-insecure-requests' => '1',
  'user-agent' => 'Mozilla/5.0 (Windows NT 10.0; WOW64) AppleWebKit/537.36 (KHTML, like Gecko) Chrome/45.0.2454.101 Safari/537.36',
  'accept-encoding' => 'gzip, deflate, sdch',
  'accept-language' => 'zh-CN,zh;q=0.8',
  'cookie' => 'PHPSESSID=tevc18b9pej2e9lth1vptvg526',
)
[ info ] [ PARAM ] array (
)
[ info ] [ RUN ] app\test\controller\Index->app[ C:\phpstuby\WWW\thinkphp\application\test\controller\Index.php ]
[ info ] [ DB ] INIT mysql
[ info ] [ LOG ] INIT File
[ error ] [8]未定义数组索引: username[C:\phpstuby\WWW\thinkphp\application\test\controller\Index.php:21]

---------------------------------------------------------------
[ 2017-06-26T15:31:04+08:00 ] 192.168.98.130 192.168.98.130 GET /index.php/test/Index/app
[ log ] 192.168.98.130/index.php/test/Index/app [运行时间：0.048873s][吞吐率：20.46req/s] [内存消耗：2,334.35kb] [文件加载：54]
[ info ] [ LANG ] C:\phpstuby\WWW\thinkphp\thinkphp\lang\zh-cn.php
[ info ] [ ROUTE ] array (
  'type' => 'module',
  'module' => 
  array (
    0 => 'test',
    1 => 'Index',
    2 => 'app',
  ),
)
[ info ] [ HEADER ] array (
  'host' => '192.168.98.130',
  'connection' => 'keep-alive',
  'cache-control' => 'max-age=0',
  'accept' => 'text/html,application/xhtml+xml,application/xml;q=0.9,image/webp,*/*;q=0.8',
  'upgrade-insecure-requests' => '1',
  'user-agent' => 'Mozilla/5.0 (Windows NT 10.0; WOW64) AppleWebKit/537.36 (KHTML, like Gecko) Chrome/45.0.2454.101 Safari/537.36',
  'accept-encoding' => 'gzip, deflate, sdch',
  'accept-language' => 'zh-CN,zh;q=0.8',
  'cookie' => 'PHPSESSID=tevc18b9pej2e9lth1vptvg526',
)
[ info ] [ PARAM ] array (
)
[ info ] [ RUN ] app\test\controller\Index->app[ C:\phpstuby\WWW\thinkphp\application\test\controller\Index.php ]
[ info ] [ DB ] INIT mysql
[ info ] [ LOG ] INIT File
[ error ] [8]未定义数组索引: username[C:\phpstuby\WWW\thinkphp\application\test\controller\Index.php:21]

---------------------------------------------------------------
[ 2017-06-26T15:35:36+08:00 ] 192.168.98.130 192.168.98.130 GET /index.php/test/Index/app
[ log ] 192.168.98.130/index.php/test/Index/app [运行时间：0.054327s][吞吐率：18.41req/s] [内存消耗：2,334.35kb] [文件加载：54]
[ info ] [ LANG ] C:\phpstuby\WWW\thinkphp\thinkphp\lang\zh-cn.php
[ info ] [ ROUTE ] array (
  'type' => 'module',
  'module' => 
  array (
    0 => 'test',
    1 => 'Index',
    2 => 'app',
  ),
)
[ info ] [ HEADER ] array (
  'host' => '192.168.98.130',
  'connection' => 'keep-alive',
  'cache-control' => 'max-age=0',
  'accept' => 'text/html,application/xhtml+xml,application/xml;q=0.9,image/webp,*/*;q=0.8',
  'upgrade-insecure-requests' => '1',
  'user-agent' => 'Mozilla/5.0 (Windows NT 10.0; WOW64) AppleWebKit/537.36 (KHTML, like Gecko) Chrome/45.0.2454.101 Safari/537.36',
  'accept-encoding' => 'gzip, deflate, sdch',
  'accept-language' => 'zh-CN,zh;q=0.8',
  'cookie' => 'PHPSESSID=tevc18b9pej2e9lth1vptvg526',
)
[ info ] [ PARAM ] array (
)
[ info ] [ RUN ] app\test\controller\Index->app[ C:\phpstuby\WWW\thinkphp\application\test\controller\Index.php ]
[ info ] [ DB ] INIT mysql
[ info ] [ LOG ] INIT File
[ error ] [8]未定义数组索引: username[C:\phpstuby\WWW\thinkphp\application\test\controller\Index.php:21]

---------------------------------------------------------------
[ 2017-06-26T15:36:01+08:00 ] 192.168.98.130 192.168.98.130 GET /index.php/test/Index/app
[ log ] 192.168.98.130/index.php/test/Index/app [运行时间：0.055227s][吞吐率：18.11req/s] [内存消耗：2,333.91kb] [文件加载：54]
[ info ] [ LANG ] C:\phpstuby\WWW\thinkphp\thinkphp\lang\zh-cn.php
[ info ] [ ROUTE ] array (
  'type' => 'module',
  'module' => 
  array (
    0 => 'test',
    1 => 'Index',
    2 => 'app',
  ),
)
[ info ] [ HEADER ] array (
  'host' => '192.168.98.130',
  'connection' => 'keep-alive',
  'cache-control' => 'max-age=0',
  'accept' => 'text/html,application/xhtml+xml,application/xml;q=0.9,image/webp,*/*;q=0.8',
  'upgrade-insecure-requests' => '1',
  'user-agent' => 'Mozilla/5.0 (Windows NT 10.0; WOW64) AppleWebKit/537.36 (KHTML, like Gecko) Chrome/45.0.2454.101 Safari/537.36',
  'accept-encoding' => 'gzip, deflate, sdch',
  'accept-language' => 'zh-CN,zh;q=0.8',
  'cookie' => 'PHPSESSID=tevc18b9pej2e9lth1vptvg526',
)
[ info ] [ PARAM ] array (
)
[ info ] [ RUN ] app\test\controller\Index->app[ C:\phpstuby\WWW\thinkphp\application\test\controller\Index.php ]
[ info ] [ DB ] INIT mysql
[ info ] [ LOG ] INIT File
[ error ] [8]未定义数组索引: username[C:\phpstuby\WWW\thinkphp\application\test\controller\Index.php:21]

---------------------------------------------------------------
[ 2017-06-26T15:36:02+08:00 ] 192.168.98.130 192.168.98.130 GET /index.php/test/Index/app
[ log ] 192.168.98.130/index.php/test/Index/app [运行时间：0.053521s][吞吐率：18.68req/s] [内存消耗：2,334.05kb] [文件加载：54]
[ info ] [ LANG ] C:\phpstuby\WWW\thinkphp\thinkphp\lang\zh-cn.php
[ info ] [ ROUTE ] array (
  'type' => 'module',
  'module' => 
  array (
    0 => 'test',
    1 => 'Index',
    2 => 'app',
  ),
)
[ info ] [ HEADER ] array (
  'host' => '192.168.98.130',
  'connection' => 'keep-alive',
  'cache-control' => 'max-age=0',
  'accept' => 'text/html,application/xhtml+xml,application/xml;q=0.9,image/webp,*/*;q=0.8',
  'upgrade-insecure-requests' => '1',
  'user-agent' => 'Mozilla/5.0 (Windows NT 10.0; WOW64) AppleWebKit/537.36 (KHTML, like Gecko) Chrome/45.0.2454.101 Safari/537.36',
  'accept-encoding' => 'gzip, deflate, sdch',
  'accept-language' => 'zh-CN,zh;q=0.8',
  'cookie' => 'PHPSESSID=tevc18b9pej2e9lth1vptvg526',
)
[ info ] [ PARAM ] array (
)
[ info ] [ RUN ] app\test\controller\Index->app[ C:\phpstuby\WWW\thinkphp\application\test\controller\Index.php ]
[ info ] [ DB ] INIT mysql
[ info ] [ LOG ] INIT File
[ error ] [8]未定义数组索引: username[C:\phpstuby\WWW\thinkphp\application\test\controller\Index.php:21]

---------------------------------------------------------------
[ 2017-06-26T15:36:02+08:00 ] 192.168.98.130 192.168.98.130 GET /index.php/test/Index/app
[ log ] 192.168.98.130/index.php/test/Index/app [运行时间：0.054910s][吞吐率：18.21req/s] [内存消耗：2,334.05kb] [文件加载：54]
[ info ] [ LANG ] C:\phpstuby\WWW\thinkphp\thinkphp\lang\zh-cn.php
[ info ] [ ROUTE ] array (
  'type' => 'module',
  'module' => 
  array (
    0 => 'test',
    1 => 'Index',
    2 => 'app',
  ),
)
[ info ] [ HEADER ] array (
  'host' => '192.168.98.130',
  'connection' => 'keep-alive',
  'cache-control' => 'max-age=0',
  'accept' => 'text/html,application/xhtml+xml,application/xml;q=0.9,image/webp,*/*;q=0.8',
  'upgrade-insecure-requests' => '1',
  'user-agent' => 'Mozilla/5.0 (Windows NT 10.0; WOW64) AppleWebKit/537.36 (KHTML, like Gecko) Chrome/45.0.2454.101 Safari/537.36',
  'accept-encoding' => 'gzip, deflate, sdch',
  'accept-language' => 'zh-CN,zh;q=0.8',
  'cookie' => 'PHPSESSID=tevc18b9pej2e9lth1vptvg526',
)
[ info ] [ PARAM ] array (
)
[ info ] [ RUN ] app\test\controller\Index->app[ C:\phpstuby\WWW\thinkphp\application\test\controller\Index.php ]
[ info ] [ DB ] INIT mysql
[ info ] [ LOG ] INIT File
[ error ] [8]未定义数组索引: username[C:\phpstuby\WWW\thinkphp\application\test\controller\Index.php:21]

---------------------------------------------------------------
[ 2017-06-26T15:36:03+08:00 ] 192.168.98.130 192.168.98.130 GET /index.php/test/Index/app
[ log ] 192.168.98.130/index.php/test/Index/app [运行时间：0.086885s][吞吐率：11.51req/s] [内存消耗：2,334.05kb] [文件加载：54]
[ info ] [ LANG ] C:\phpstuby\WWW\thinkphp\thinkphp\lang\zh-cn.php
[ info ] [ ROUTE ] array (
  'type' => 'module',
  'module' => 
  array (
    0 => 'test',
    1 => 'Index',
    2 => 'app',
  ),
)
[ info ] [ HEADER ] array (
  'host' => '192.168.98.130',
  'connection' => 'keep-alive',
  'cache-control' => 'max-age=0',
  'accept' => 'text/html,application/xhtml+xml,application/xml;q=0.9,image/webp,*/*;q=0.8',
  'upgrade-insecure-requests' => '1',
  'user-agent' => 'Mozilla/5.0 (Windows NT 10.0; WOW64) AppleWebKit/537.36 (KHTML, like Gecko) Chrome/45.0.2454.101 Safari/537.36',
  'accept-encoding' => 'gzip, deflate, sdch',
  'accept-language' => 'zh-CN,zh;q=0.8',
  'cookie' => 'PHPSESSID=tevc18b9pej2e9lth1vptvg526',
)
[ info ] [ PARAM ] array (
)
[ info ] [ RUN ] app\test\controller\Index->app[ C:\phpstuby\WWW\thinkphp\application\test\controller\Index.php ]
[ info ] [ DB ] INIT mysql
[ info ] [ LOG ] INIT File
[ error ] [8]未定义数组索引: username[C:\phpstuby\WWW\thinkphp\application\test\controller\Index.php:21]

---------------------------------------------------------------
[ 2017-06-26T15:36:04+08:00 ] 192.168.98.130 192.168.98.130 GET /index.php
[ log ] 192.168.98.130/index.php [运行时间：0.066935s][吞吐率：14.94req/s] [内存消耗：1,953.31kb] [文件加载：48]
[ info ] [ LANG ] C:\phpstuby\WWW\thinkphp\thinkphp\lang\zh-cn.php
[ info ] [ ROUTE ] array (
  'type' => 'module',
  'module' => 
  array (
    0 => '',
    1 => NULL,
    2 => NULL,
  ),
)
[ info ] [ HEADER ] array (
  'host' => '192.168.98.130',
  'accept-encoding' => 'compress,gzip',
  'connection' => 'Close',
)
[ info ] [ PARAM ] array (
)
[ info ] [ SESSION ] INIT array (
  'id' => '',
  'var_session_id' => '',
  'prefix' => 'think',
  'type' => '',
  'auto_start' => true,
)
[ info ] [ LOG ] INIT File

---------------------------------------------------------------
[ 2017-06-26T15:37:05+08:00 ] 192.168.98.130 192.168.98.130 GET /index.php/test/Index/app
[ log ] 192.168.98.130/index.php/test/Index/app [运行时间：0.099521s][吞吐率：10.05req/s] [内存消耗：1,402.35kb] [文件加载：41]
[ info ] [ LANG ] C:\phpstuby\WWW\thinkphp\thinkphp\lang\zh-cn.php
[ info ] [ ROUTE ] array (
  'type' => 'module',
  'module' => 
  array (
    0 => 'test',
    1 => 'Index',
    2 => 'app',
  ),
)
[ info ] [ HEADER ] array (
  'host' => '192.168.98.130',
  'connection' => 'keep-alive',
  'cache-control' => 'max-age=0',
  'accept' => 'text/html,application/xhtml+xml,application/xml;q=0.9,image/webp,*/*;q=0.8',
  'upgrade-insecure-requests' => '1',
  'user-agent' => 'Mozilla/5.0 (Windows NT 10.0; WOW64) AppleWebKit/537.36 (KHTML, like Gecko) Chrome/45.0.2454.101 Safari/537.36',
  'accept-encoding' => 'gzip, deflate, sdch',
  'accept-language' => 'zh-CN,zh;q=0.8',
  'cookie' => 'PHPSESSID=tevc18b9pej2e9lth1vptvg526',
)
[ info ] [ PARAM ] array (
)
[ info ] [ LOG ] INIT File
[ error ] [4]语法错误: unexpected '"', expecting ',' or ';'[C:\phpstuby\WWW\thinkphp\application\test\controller\Index.php:20]

---------------------------------------------------------------
[ 2017-06-26T15:37:06+08:00 ] 192.168.98.130 192.168.98.130 GET /index.php/test/Index/app
[ log ] 192.168.98.130/index.php/test/Index/app [运行时间：0.032148s][吞吐率：31.11req/s] [内存消耗：1,402.35kb] [文件加载：41]
[ info ] [ LANG ] C:\phpstuby\WWW\thinkphp\thinkphp\lang\zh-cn.php
[ info ] [ ROUTE ] array (
  'type' => 'module',
  'module' => 
  array (
    0 => 'test',
    1 => 'Index',
    2 => 'app',
  ),
)
[ info ] [ HEADER ] array (
  'host' => '192.168.98.130',
  'connection' => 'keep-alive',
  'cache-control' => 'max-age=0',
  'accept' => 'text/html,application/xhtml+xml,application/xml;q=0.9,image/webp,*/*;q=0.8',
  'upgrade-insecure-requests' => '1',
  'user-agent' => 'Mozilla/5.0 (Windows NT 10.0; WOW64) AppleWebKit/537.36 (KHTML, like Gecko) Chrome/45.0.2454.101 Safari/537.36',
  'accept-encoding' => 'gzip, deflate, sdch',
  'accept-language' => 'zh-CN,zh;q=0.8',
  'cookie' => 'PHPSESSID=tevc18b9pej2e9lth1vptvg526',
)
[ info ] [ PARAM ] array (
)
[ info ] [ LOG ] INIT File
[ error ] [4]语法错误: unexpected '"', expecting ',' or ';'[C:\phpstuby\WWW\thinkphp\application\test\controller\Index.php:20]

---------------------------------------------------------------
[ 2017-06-26T15:37:14+08:00 ] 192.168.98.130 192.168.98.130 GET /index.php/test/Index/app
[ log ] 192.168.98.130/index.php/test/Index/app [运行时间：0.204372s][吞吐率：4.89req/s] [内存消耗：2,390.99kb] [文件加载：55]
[ info ] [ LANG ] C:\phpstuby\WWW\thinkphp\thinkphp\lang\zh-cn.php
[ info ] [ ROUTE ] array (
  'type' => 'module',
  'module' => 
  array (
    0 => 'test',
    1 => 'Index',
    2 => 'app',
  ),
)
[ info ] [ HEADER ] array (
  'host' => '192.168.98.130',
  'connection' => 'keep-alive',
  'cache-control' => 'max-age=0',
  'accept' => 'text/html,application/xhtml+xml,application/xml;q=0.9,image/webp,*/*;q=0.8',
  'upgrade-insecure-requests' => '1',
  'user-agent' => 'Mozilla/5.0 (Windows NT 10.0; WOW64) AppleWebKit/537.36 (KHTML, like Gecko) Chrome/45.0.2454.101 Safari/537.36',
  'accept-encoding' => 'gzip, deflate, sdch',
  'accept-language' => 'zh-CN,zh;q=0.8',
  'cookie' => 'PHPSESSID=tevc18b9pej2e9lth1vptvg526',
)
[ info ] [ PARAM ] array (
)
[ info ] [ RUN ] app\test\controller\Index->app[ C:\phpstuby\WWW\thinkphp\application\test\controller\Index.php ]
[ info ] [ DB ] INIT mysql
[ info ] [ LOG ] INIT File
[ sql ] [ DB ] CONNECT:[ UseTime:0.068527s ] mysql:dbname=school;host=127.0.0.1;port=3306;charset=utf8
[ sql ] [ SQL ] SHOW COLUMNS FROM `auth_user` [ RunTime:0.049167s ]
[ sql ] [ SQL ] SELECT * FROM `auth_user` WHERE  (  username='产品汪' and password='123' ) LIMIT 1 [ RunTime:0.001688s ]
[ error ] [8]Array to string conversion[C:\phpstuby\WWW\thinkphp\application\test\controller\Index.php:20]

---------------------------------------------------------------
[ 2017-06-26T15:37:31+08:00 ] 192.168.98.130 192.168.98.130 GET /index.php/test/Index/app
[ log ] 192.168.98.130/index.php/test/Index/app [运行时间：0.058351s][吞吐率：17.14req/s] [内存消耗：2,337.54kb] [文件加载：54]
[ info ] [ LANG ] C:\phpstuby\WWW\thinkphp\thinkphp\lang\zh-cn.php
[ info ] [ ROUTE ] array (
  'type' => 'module',
  'module' => 
  array (
    0 => 'test',
    1 => 'Index',
    2 => 'app',
  ),
)
[ info ] [ HEADER ] array (
  'host' => '192.168.98.130',
  'connection' => 'keep-alive',
  'cache-control' => 'max-age=0',
  'accept' => 'text/html,application/xhtml+xml,application/xml;q=0.9,image/webp,*/*;q=0.8',
  'upgrade-insecure-requests' => '1',
  'user-agent' => 'Mozilla/5.0 (Windows NT 10.0; WOW64) AppleWebKit/537.36 (KHTML, like Gecko) Chrome/45.0.2454.101 Safari/537.36',
  'accept-encoding' => 'gzip, deflate, sdch',
  'accept-language' => 'zh-CN,zh;q=0.8',
  'cookie' => 'PHPSESSID=tevc18b9pej2e9lth1vptvg526',
)
[ info ] [ PARAM ] array (
)
[ info ] [ RUN ] app\test\controller\Index->app[ C:\phpstuby\WWW\thinkphp\application\test\controller\Index.php ]
[ info ] [ DB ] INIT mysql
[ info ] [ LOG ] INIT File
[ error ] [1]Call to undefined function app\test\controller\pritn_r()[C:\phpstuby\WWW\thinkphp\application\test\controller\Index.php:20]

---------------------------------------------------------------
[ 2017-06-26T15:38:07+08:00 ] 192.168.98.130 192.168.98.130 GET /index.php/test/Index/app
[ log ] 192.168.98.130/index.php/test/Index/app [运行时间：0.123390s][吞吐率：8.10req/s] [内存消耗：2,352.75kb] [文件加载：52]
[ info ] [ LANG ] C:\phpstuby\WWW\thinkphp\thinkphp\lang\zh-cn.php
[ info ] [ ROUTE ] array (
  'type' => 'module',
  'module' => 
  array (
    0 => 'test',
    1 => 'Index',
    2 => 'app',
  ),
)
[ info ] [ HEADER ] array (
  'host' => '192.168.98.130',
  'connection' => 'keep-alive',
  'cache-control' => 'max-age=0',
  'accept' => 'text/html,application/xhtml+xml,application/xml;q=0.9,image/webp,*/*;q=0.8',
  'upgrade-insecure-requests' => '1',
  'user-agent' => 'Mozilla/5.0 (Windows NT 10.0; WOW64) AppleWebKit/537.36 (KHTML, like Gecko) Chrome/45.0.2454.101 Safari/537.36',
  'accept-encoding' => 'gzip, deflate, sdch',
  'accept-language' => 'zh-CN,zh;q=0.8',
  'cookie' => 'PHPSESSID=tevc18b9pej2e9lth1vptvg526',
)
[ info ] [ PARAM ] array (
)
[ info ] [ RUN ] app\test\controller\Index->app[ C:\phpstuby\WWW\thinkphp\application\test\controller\Index.php ]
[ info ] [ DB ] INIT mysql
[ info ] [ LOG ] INIT File
[ sql ] [ DB ] CONNECT:[ UseTime:0.003933s ] mysql:dbname=school;host=127.0.0.1;port=3306;charset=utf8
[ sql ] [ SQL ] SHOW COLUMNS FROM `auth_user` [ RunTime:0.010063s ]
[ sql ] [ SQL ] SELECT * FROM `auth_user` WHERE  (  username='产品汪' and password='123' ) LIMIT 1 [ RunTime:0.000669s ]

---------------------------------------------------------------
[ 2017-06-26T15:38:14+08:00 ] 192.168.98.130 192.168.98.130 GET /index.php/test/Index/app
[ log ] 192.168.98.130/index.php/test/Index/app [运行时间：0.072653s][吞吐率：13.76req/s] [内存消耗：2,352.75kb] [文件加载：52]
[ info ] [ LANG ] C:\phpstuby\WWW\thinkphp\thinkphp\lang\zh-cn.php
[ info ] [ ROUTE ] array (
  'type' => 'module',
  'module' => 
  array (
    0 => 'test',
    1 => 'Index',
    2 => 'app',
  ),
)
[ info ] [ HEADER ] array (
  'host' => '192.168.98.130',
  'connection' => 'keep-alive',
  'cache-control' => 'max-age=0',
  'accept' => 'text/html,application/xhtml+xml,application/xml;q=0.9,image/webp,*/*;q=0.8',
  'upgrade-insecure-requests' => '1',
  'user-agent' => 'Mozilla/5.0 (Windows NT 10.0; WOW64) AppleWebKit/537.36 (KHTML, like Gecko) Chrome/45.0.2454.101 Safari/537.36',
  'accept-encoding' => 'gzip, deflate, sdch',
  'accept-language' => 'zh-CN,zh;q=0.8',
  'cookie' => 'PHPSESSID=tevc18b9pej2e9lth1vptvg526',
)
[ info ] [ PARAM ] array (
)
[ info ] [ RUN ] app\test\controller\Index->app[ C:\phpstuby\WWW\thinkphp\application\test\controller\Index.php ]
[ info ] [ DB ] INIT mysql
[ info ] [ LOG ] INIT File
[ sql ] [ DB ] CONNECT:[ UseTime:0.005461s ] mysql:dbname=school;host=127.0.0.1;port=3306;charset=utf8
[ sql ] [ SQL ] SHOW COLUMNS FROM `auth_user` [ RunTime:0.008419s ]
[ sql ] [ SQL ] SELECT * FROM `auth_user` WHERE  (  username='产品汪' and password='123' ) LIMIT 1 [ RunTime:0.000707s ]

---------------------------------------------------------------
[ 2017-06-26T15:38:14+08:00 ] 192.168.98.130 192.168.98.130 GET /index.php/test/Index/app
[ log ] 192.168.98.130/index.php/test/Index/app [运行时间：0.063726s][吞吐率：15.69req/s] [内存消耗：2,352.75kb] [文件加载：52]
[ info ] [ LANG ] C:\phpstuby\WWW\thinkphp\thinkphp\lang\zh-cn.php
[ info ] [ ROUTE ] array (
  'type' => 'module',
  'module' => 
  array (
    0 => 'test',
    1 => 'Index',
    2 => 'app',
  ),
)
[ info ] [ HEADER ] array (
  'host' => '192.168.98.130',
  'connection' => 'keep-alive',
  'cache-control' => 'max-age=0',
  'accept' => 'text/html,application/xhtml+xml,application/xml;q=0.9,image/webp,*/*;q=0.8',
  'upgrade-insecure-requests' => '1',
  'user-agent' => 'Mozilla/5.0 (Windows NT 10.0; WOW64) AppleWebKit/537.36 (KHTML, like Gecko) Chrome/45.0.2454.101 Safari/537.36',
  'accept-encoding' => 'gzip, deflate, sdch',
  'accept-language' => 'zh-CN,zh;q=0.8',
  'cookie' => 'PHPSESSID=tevc18b9pej2e9lth1vptvg526',
)
[ info ] [ PARAM ] array (
)
[ info ] [ RUN ] app\test\controller\Index->app[ C:\phpstuby\WWW\thinkphp\application\test\controller\Index.php ]
[ info ] [ DB ] INIT mysql
[ info ] [ LOG ] INIT File
[ sql ] [ DB ] CONNECT:[ UseTime:0.004122s ] mysql:dbname=school;host=127.0.0.1;port=3306;charset=utf8
[ sql ] [ SQL ] SHOW COLUMNS FROM `auth_user` [ RunTime:0.009044s ]
[ sql ] [ SQL ] SELECT * FROM `auth_user` WHERE  (  username='产品汪' and password='123' ) LIMIT 1 [ RunTime:0.000948s ]

---------------------------------------------------------------
[ 2017-06-26T15:38:15+08:00 ] 192.168.98.130 192.168.98.130 GET /index.php/test/Index/app
[ log ] 192.168.98.130/index.php/test/Index/app [运行时间：0.110426s][吞吐率：9.06req/s] [内存消耗：2,352.75kb] [文件加载：52]
[ info ] [ LANG ] C:\phpstuby\WWW\thinkphp\thinkphp\lang\zh-cn.php
[ info ] [ ROUTE ] array (
  'type' => 'module',
  'module' => 
  array (
    0 => 'test',
    1 => 'Index',
    2 => 'app',
  ),
)
[ info ] [ HEADER ] array (
  'host' => '192.168.98.130',
  'connection' => 'keep-alive',
  'cache-control' => 'max-age=0',
  'accept' => 'text/html,application/xhtml+xml,application/xml;q=0.9,image/webp,*/*;q=0.8',
  'upgrade-insecure-requests' => '1',
  'user-agent' => 'Mozilla/5.0 (Windows NT 10.0; WOW64) AppleWebKit/537.36 (KHTML, like Gecko) Chrome/45.0.2454.101 Safari/537.36',
  'accept-encoding' => 'gzip, deflate, sdch',
  'accept-language' => 'zh-CN,zh;q=0.8',
  'cookie' => 'PHPSESSID=tevc18b9pej2e9lth1vptvg526',
)
[ info ] [ PARAM ] array (
)
[ info ] [ RUN ] app\test\controller\Index->app[ C:\phpstuby\WWW\thinkphp\application\test\controller\Index.php ]
[ info ] [ DB ] INIT mysql
[ info ] [ LOG ] INIT File
[ sql ] [ DB ] CONNECT:[ UseTime:0.003981s ] mysql:dbname=school;host=127.0.0.1;port=3306;charset=utf8
[ sql ] [ SQL ] SHOW COLUMNS FROM `auth_user` [ RunTime:0.009970s ]
[ sql ] [ SQL ] SELECT * FROM `auth_user` WHERE  (  username='产品汪' and password='123' ) LIMIT 1 [ RunTime:0.000600s ]

---------------------------------------------------------------
[ 2017-06-26T15:38:15+08:00 ] 192.168.98.130 192.168.98.130 GET /index.php/test/Index/app
[ log ] 192.168.98.130/index.php/test/Index/app [运行时间：0.062411s][吞吐率：16.02req/s] [内存消耗：2,352.75kb] [文件加载：52]
[ info ] [ LANG ] C:\phpstuby\WWW\thinkphp\thinkphp\lang\zh-cn.php
[ info ] [ ROUTE ] array (
  'type' => 'module',
  'module' => 
  array (
    0 => 'test',
    1 => 'Index',
    2 => 'app',
  ),
)
[ info ] [ HEADER ] array (
  'host' => '192.168.98.130',
  'connection' => 'keep-alive',
  'cache-control' => 'max-age=0',
  'accept' => 'text/html,application/xhtml+xml,application/xml;q=0.9,image/webp,*/*;q=0.8',
  'upgrade-insecure-requests' => '1',
  'user-agent' => 'Mozilla/5.0 (Windows NT 10.0; WOW64) AppleWebKit/537.36 (KHTML, like Gecko) Chrome/45.0.2454.101 Safari/537.36',
  'accept-encoding' => 'gzip, deflate, sdch',
  'accept-language' => 'zh-CN,zh;q=0.8',
  'cookie' => 'PHPSESSID=tevc18b9pej2e9lth1vptvg526',
)
[ info ] [ PARAM ] array (
)
[ info ] [ RUN ] app\test\controller\Index->app[ C:\phpstuby\WWW\thinkphp\application\test\controller\Index.php ]
[ info ] [ DB ] INIT mysql
[ info ] [ LOG ] INIT File
[ sql ] [ DB ] CONNECT:[ UseTime:0.004018s ] mysql:dbname=school;host=127.0.0.1;port=3306;charset=utf8
[ sql ] [ SQL ] SHOW COLUMNS FROM `auth_user` [ RunTime:0.010631s ]
[ sql ] [ SQL ] SELECT * FROM `auth_user` WHERE  (  username='产品汪' and password='123' ) LIMIT 1 [ RunTime:0.000768s ]

---------------------------------------------------------------
[ 2017-06-26T15:38:16+08:00 ] 192.168.98.130 192.168.98.130 GET /index.php/test/Index/app
[ log ] 192.168.98.130/index.php/test/Index/app [运行时间：0.058870s][吞吐率：16.99req/s] [内存消耗：2,352.75kb] [文件加载：52]
[ info ] [ LANG ] C:\phpstuby\WWW\thinkphp\thinkphp\lang\zh-cn.php
[ info ] [ ROUTE ] array (
  'type' => 'module',
  'module' => 
  array (
    0 => 'test',
    1 => 'Index',
    2 => 'app',
  ),
)
[ info ] [ HEADER ] array (
  'host' => '192.168.98.130',
  'connection' => 'keep-alive',
  'cache-control' => 'max-age=0',
  'accept' => 'text/html,application/xhtml+xml,application/xml;q=0.9,image/webp,*/*;q=0.8',
  'upgrade-insecure-requests' => '1',
  'user-agent' => 'Mozilla/5.0 (Windows NT 10.0; WOW64) AppleWebKit/537.36 (KHTML, like Gecko) Chrome/45.0.2454.101 Safari/537.36',
  'accept-encoding' => 'gzip, deflate, sdch',
  'accept-language' => 'zh-CN,zh;q=0.8',
  'cookie' => 'PHPSESSID=tevc18b9pej2e9lth1vptvg526',
)
[ info ] [ PARAM ] array (
)
[ info ] [ RUN ] app\test\controller\Index->app[ C:\phpstuby\WWW\thinkphp\application\test\controller\Index.php ]
[ info ] [ DB ] INIT mysql
[ info ] [ LOG ] INIT File
[ sql ] [ DB ] CONNECT:[ UseTime:0.003853s ] mysql:dbname=school;host=127.0.0.1;port=3306;charset=utf8
[ sql ] [ SQL ] SHOW COLUMNS FROM `auth_user` [ RunTime:0.008325s ]
[ sql ] [ SQL ] SELECT * FROM `auth_user` WHERE  (  username='产品汪' and password='123' ) LIMIT 1 [ RunTime:0.000921s ]

---------------------------------------------------------------
[ 2017-06-26T15:54:05+08:00 ] 192.168.98.130 192.168.98.130 GET /index.php/test/Index/app
[ log ] 192.168.98.130/index.php/test/Index/app [运行时间：0.075213s][吞吐率：13.30req/s] [内存消耗：2,333.72kb] [文件加载：54]
[ info ] [ LANG ] C:\phpstuby\WWW\thinkphp\thinkphp\lang\zh-cn.php
[ info ] [ ROUTE ] array (
  'type' => 'module',
  'module' => 
  array (
    0 => 'test',
    1 => 'Index',
    2 => 'app',
  ),
)
[ info ] [ HEADER ] array (
  'host' => '192.168.98.130',
  'connection' => 'keep-alive',
  'cache-control' => 'max-age=0',
  'accept' => 'text/html,application/xhtml+xml,application/xml;q=0.9,image/webp,*/*;q=0.8',
  'upgrade-insecure-requests' => '1',
  'user-agent' => 'Mozilla/5.0 (Windows NT 10.0; WOW64) AppleWebKit/537.36 (KHTML, like Gecko) Chrome/45.0.2454.101 Safari/537.36',
  'accept-encoding' => 'gzip, deflate, sdch',
  'accept-language' => 'zh-CN,zh;q=0.8',
  'cookie' => 'PHPSESSID=tevc18b9pej2e9lth1vptvg526',
)
[ info ] [ PARAM ] array (
)
[ info ] [ RUN ] app\test\controller\Index->app[ C:\phpstuby\WWW\thinkphp\application\test\controller\Index.php ]
[ info ] [ DB ] INIT mysql
[ info ] [ LOG ] INIT File
[ error ] [8]未定义数组索引: username[C:\phpstuby\WWW\thinkphp\application\test\controller\Index.php:22]

---------------------------------------------------------------
[ 2017-06-26T16:21:01+08:00 ] 192.168.98.130 192.168.98.130 GET /index.php/test/Index/app
[ log ] 192.168.98.130/index.php/test/Index/app [运行时间：0.840097s][吞吐率：1.19req/s] [内存消耗：2,333.72kb] [文件加载：54]
[ info ] [ LANG ] C:\phpstuby\WWW\thinkphp\thinkphp\lang\zh-cn.php
[ info ] [ ROUTE ] array (
  'type' => 'module',
  'module' => 
  array (
    0 => 'test',
    1 => 'Index',
    2 => 'app',
  ),
)
[ info ] [ HEADER ] array (
  'host' => '192.168.98.130',
  'connection' => 'keep-alive',
  'cache-control' => 'max-age=0',
  'accept' => 'text/html,application/xhtml+xml,application/xml;q=0.9,image/webp,*/*;q=0.8',
  'upgrade-insecure-requests' => '1',
  'user-agent' => 'Mozilla/5.0 (Windows NT 10.0; WOW64) AppleWebKit/537.36 (KHTML, like Gecko) Chrome/45.0.2454.101 Safari/537.36',
  'accept-encoding' => 'gzip, deflate, sdch',
  'accept-language' => 'zh-CN,zh;q=0.8',
  'cookie' => 'PHPSESSID=tevc18b9pej2e9lth1vptvg526',
)
[ info ] [ PARAM ] array (
)
[ info ] [ RUN ] app\test\controller\Index->app[ C:\phpstuby\WWW\thinkphp\application\test\controller\Index.php ]
[ info ] [ DB ] INIT mysql
[ info ] [ LOG ] INIT File
[ error ] [8]未定义数组索引: username[C:\phpstuby\WWW\thinkphp\application\test\controller\Index.php:22]

---------------------------------------------------------------
[ 2017-06-26T16:48:01+08:00 ] 192.168.98.130 192.168.98.130 GET /index.php/test/Index/app
[ log ] 192.168.98.130/index.php/test/Index/app [运行时间：0.082323s][吞吐率：12.15req/s] [内存消耗：2,333.72kb] [文件加载：54]
[ info ] [ LANG ] C:\phpstuby\WWW\thinkphp\thinkphp\lang\zh-cn.php
[ info ] [ ROUTE ] array (
  'type' => 'module',
  'module' => 
  array (
    0 => 'test',
    1 => 'Index',
    2 => 'app',
  ),
)
[ info ] [ HEADER ] array (
  'host' => '192.168.98.130',
  'connection' => 'keep-alive',
  'cache-control' => 'max-age=0',
  'accept' => 'text/html,application/xhtml+xml,application/xml;q=0.9,image/webp,*/*;q=0.8',
  'upgrade-insecure-requests' => '1',
  'user-agent' => 'Mozilla/5.0 (Windows NT 10.0; WOW64) AppleWebKit/537.36 (KHTML, like Gecko) Chrome/45.0.2454.101 Safari/537.36',
  'accept-encoding' => 'gzip, deflate, sdch',
  'accept-language' => 'zh-CN,zh;q=0.8',
  'cookie' => 'PHPSESSID=tevc18b9pej2e9lth1vptvg526',
)
[ info ] [ PARAM ] array (
)
[ info ] [ RUN ] app\test\controller\Index->app[ C:\phpstuby\WWW\thinkphp\application\test\controller\Index.php ]
[ info ] [ DB ] INIT mysql
[ info ] [ LOG ] INIT File
[ error ] [8]未定义数组索引: username[C:\phpstuby\WWW\thinkphp\application\test\controller\Index.php:22]

---------------------------------------------------------------
[ 2017-06-26T17:07:50+08:00 ] 192.168.98.130 192.168.98.130 GET /index.php/test/Index/app
[ log ] 192.168.98.130/index.php/test/Index/app [运行时间：0.128990s][吞吐率：7.75req/s] [内存消耗：2,332.98kb] [文件加载：54]
[ info ] [ LANG ] C:\phpstuby\WWW\thinkphp\thinkphp\lang\zh-cn.php
[ info ] [ ROUTE ] array (
  'type' => 'module',
  'module' => 
  array (
    0 => 'test',
    1 => 'Index',
    2 => 'app',
  ),
)
[ info ] [ HEADER ] array (
  'host' => '192.168.98.130',
  'connection' => 'keep-alive',
  'accept' => 'text/html,application/xhtml+xml,application/xml;q=0.9,image/webp,*/*;q=0.8',
  'upgrade-insecure-requests' => '1',
  'user-agent' => 'Mozilla/5.0 (Windows NT 10.0; WOW64) AppleWebKit/537.36 (KHTML, like Gecko) Chrome/45.0.2454.101 Safari/537.36',
  'accept-encoding' => 'gzip, deflate, sdch',
  'accept-language' => 'zh-CN,zh;q=0.8',
)
[ info ] [ PARAM ] array (
)
[ info ] [ RUN ] app\test\controller\Index->app[ C:\phpstuby\WWW\thinkphp\application\test\controller\Index.php ]
[ info ] [ DB ] INIT mysql
[ info ] [ LOG ] INIT File
[ error ] [8]未定义变量: data[C:\phpstuby\WWW\thinkphp\application\test\controller\Index.php:23]

---------------------------------------------------------------
[ 2017-06-26T17:08:18+08:00 ] 192.168.98.130 192.168.98.130 GET /index.php/test/Index/app
[ log ] 192.168.98.130/index.php/test/Index/app [运行时间：0.072945s][吞吐率：13.71req/s] [内存消耗：2,333.45kb] [文件加载：54]
[ info ] [ LANG ] C:\phpstuby\WWW\thinkphp\thinkphp\lang\zh-cn.php
[ info ] [ ROUTE ] array (
  'type' => 'module',
  'module' => 
  array (
    0 => 'test',
    1 => 'Index',
    2 => 'app',
  ),
)
[ info ] [ HEADER ] array (
  'host' => '192.168.98.130',
  'connection' => 'keep-alive',
  'cache-control' => 'max-age=0',
  'accept' => 'text/html,application/xhtml+xml,application/xml;q=0.9,image/webp,*/*;q=0.8',
  'upgrade-insecure-requests' => '1',
  'user-agent' => 'Mozilla/5.0 (Windows NT 10.0; WOW64) AppleWebKit/537.36 (KHTML, like Gecko) Chrome/45.0.2454.101 Safari/537.36',
  'accept-encoding' => 'gzip, deflate, sdch',
  'accept-language' => 'zh-CN,zh;q=0.8',
)
[ info ] [ PARAM ] array (
)
[ info ] [ RUN ] app\test\controller\Index->app[ C:\phpstuby\WWW\thinkphp\application\test\controller\Index.php ]
[ info ] [ DB ] INIT mysql
[ info ] [ LOG ] INIT File
[ error ] [8]未定义数组索引: username[C:\phpstuby\WWW\thinkphp\application\test\controller\Index.php:23]

---------------------------------------------------------------
[ 2017-06-26T17:08:19+08:00 ] 192.168.98.130 192.168.98.130 GET /index.php
[ log ] 192.168.98.130/index.php [运行时间：0.177132s][吞吐率：5.65req/s] [内存消耗：1,953.31kb] [文件加载：48]
[ info ] [ LANG ] C:\phpstuby\WWW\thinkphp\thinkphp\lang\zh-cn.php
[ info ] [ ROUTE ] array (
  'type' => 'module',
  'module' => 
  array (
    0 => '',
    1 => NULL,
    2 => NULL,
  ),
)
[ info ] [ HEADER ] array (
  'host' => '192.168.98.130',
  'accept-encoding' => 'compress,gzip',
  'connection' => 'Close',
)
[ info ] [ PARAM ] array (
)
[ info ] [ SESSION ] INIT array (
  'id' => '',
  'var_session_id' => '',
  'prefix' => 'think',
  'type' => '',
  'auto_start' => true,
)
[ info ] [ LOG ] INIT File

---------------------------------------------------------------
[ 2017-06-26T17:12:35+08:00 ] 192.168.98.130 192.168.98.130 GET /index.php/test/Index/app
[ log ] 192.168.98.130/index.php/test/Index/app [运行时间：0.071059s][吞吐率：14.07req/s] [内存消耗：2,333.67kb] [文件加载：54]
[ info ] [ LANG ] C:\phpstuby\WWW\thinkphp\thinkphp\lang\zh-cn.php
[ info ] [ ROUTE ] array (
  'type' => 'module',
  'module' => 
  array (
    0 => 'test',
    1 => 'Index',
    2 => 'app',
  ),
)
[ info ] [ HEADER ] array (
  'host' => '192.168.98.130',
  'connection' => 'keep-alive',
  'cache-control' => 'max-age=0',
  'accept' => 'text/html,application/xhtml+xml,application/xml;q=0.9,image/webp,*/*;q=0.8',
  'upgrade-insecure-requests' => '1',
  'user-agent' => 'Mozilla/5.0 (Windows NT 10.0; WOW64) AppleWebKit/537.36 (KHTML, like Gecko) Chrome/45.0.2454.101 Safari/537.36',
  'accept-encoding' => 'gzip, deflate, sdch',
  'accept-language' => 'zh-CN,zh;q=0.8',
)
[ info ] [ PARAM ] array (
)
[ info ] [ RUN ] app\test\controller\Index->app[ C:\phpstuby\WWW\thinkphp\application\test\controller\Index.php ]
[ info ] [ DB ] INIT mysql
[ info ] [ LOG ] INIT File
[ error ] [8]未定义数组索引: username[C:\phpstuby\WWW\thinkphp\application\test\controller\Index.php:23]

---------------------------------------------------------------
[ 2017-06-26T17:20:25+08:00 ] 192.168.98.130 192.168.98.130 GET /index.php/test/Index/app
[ log ] 192.168.98.130/index.php/test/Index/app [运行时间：0.076620s][吞吐率：13.05req/s] [内存消耗：2,333.67kb] [文件加载：54]
[ info ] [ LANG ] C:\phpstuby\WWW\thinkphp\thinkphp\lang\zh-cn.php
[ info ] [ ROUTE ] array (
  'type' => 'module',
  'module' => 
  array (
    0 => 'test',
    1 => 'Index',
    2 => 'app',
  ),
)
[ info ] [ HEADER ] array (
  'host' => '192.168.98.130',
  'connection' => 'keep-alive',
  'cache-control' => 'max-age=0',
  'accept' => 'text/html,application/xhtml+xml,application/xml;q=0.9,image/webp,*/*;q=0.8',
  'upgrade-insecure-requests' => '1',
  'user-agent' => 'Mozilla/5.0 (Windows NT 10.0; WOW64) AppleWebKit/537.36 (KHTML, like Gecko) Chrome/45.0.2454.101 Safari/537.36',
  'accept-encoding' => 'gzip, deflate, sdch',
  'accept-language' => 'zh-CN,zh;q=0.8',
)
[ info ] [ PARAM ] array (
)
[ info ] [ RUN ] app\test\controller\Index->app[ C:\phpstuby\WWW\thinkphp\application\test\controller\Index.php ]
[ info ] [ DB ] INIT mysql
[ info ] [ LOG ] INIT File
[ error ] [8]未定义数组索引: username[C:\phpstuby\WWW\thinkphp\application\test\controller\Index.php:23]

---------------------------------------------------------------
[ 2017-06-26T17:21:21+08:00 ] 192.168.98.130 192.168.98.130 GET /index.php/test/Index/app
[ log ] 192.168.98.130/index.php/test/Index/app [运行时间：0.824583s][吞吐率：1.21req/s] [内存消耗：2,353.17kb] [文件加载：52]
[ info ] [ LANG ] C:\phpstuby\WWW\thinkphp\thinkphp\lang\zh-cn.php
[ info ] [ ROUTE ] array (
  'type' => 'module',
  'module' => 
  array (
    0 => 'test',
    1 => 'Index',
    2 => 'app',
  ),
)
[ info ] [ HEADER ] array (
  'host' => '192.168.98.130',
  'connection' => 'keep-alive',
  'cache-control' => 'max-age=0',
  'accept' => 'text/html,application/xhtml+xml,application/xml;q=0.9,image/webp,*/*;q=0.8',
  'upgrade-insecure-requests' => '1',
  'user-agent' => 'Mozilla/5.0 (Windows NT 10.0; WOW64) AppleWebKit/537.36 (KHTML, like Gecko) Chrome/45.0.2454.101 Safari/537.36',
  'accept-encoding' => 'gzip, deflate, sdch',
  'accept-language' => 'zh-CN,zh;q=0.8',
)
[ info ] [ PARAM ] array (
)
[ info ] [ RUN ] app\test\controller\Index->app[ C:\phpstuby\WWW\thinkphp\application\test\controller\Index.php ]
[ info ] [ DB ] INIT mysql
[ info ] [ LOG ] INIT File
[ sql ] [ DB ] CONNECT:[ UseTime:0.299364s ] mysql:dbname=school;host=127.0.0.1;port=3306;charset=utf8
[ sql ] [ SQL ] SHOW COLUMNS FROM `auth_user` [ RunTime:0.290744s ]
[ sql ] [ SQL ] SELECT * FROM `auth_user` WHERE  (  username='产品汪' and password='123' ) LIMIT 1 [ RunTime:0.025198s ]

---------------------------------------------------------------
[ 2017-06-26T17:41:13+08:00 ] 192.168.98.130 192.168.98.130 GET /index.php/test/Index/app
[ log ] 192.168.98.130/index.php/test/Index/app [运行时间：0.109173s][吞吐率：9.16req/s] [内存消耗：2,353.17kb] [文件加载：52]
[ info ] [ LANG ] C:\phpstuby\WWW\thinkphp\thinkphp\lang\zh-cn.php
[ info ] [ ROUTE ] array (
  'type' => 'module',
  'module' => 
  array (
    0 => 'test',
    1 => 'Index',
    2 => 'app',
  ),
)
[ info ] [ HEADER ] array (
  'host' => '192.168.98.130',
  'connection' => 'keep-alive',
  'cache-control' => 'max-age=0',
  'accept' => 'text/html,application/xhtml+xml,application/xml;q=0.9,image/webp,*/*;q=0.8',
  'upgrade-insecure-requests' => '1',
  'user-agent' => 'Mozilla/5.0 (Windows NT 10.0; WOW64) AppleWebKit/537.36 (KHTML, like Gecko) Chrome/45.0.2454.101 Safari/537.36',
  'accept-encoding' => 'gzip, deflate, sdch',
  'accept-language' => 'zh-CN,zh;q=0.8',
)
[ info ] [ PARAM ] array (
)
[ info ] [ RUN ] app\test\controller\Index->app[ C:\phpstuby\WWW\thinkphp\application\test\controller\Index.php ]
[ info ] [ DB ] INIT mysql
[ info ] [ LOG ] INIT File
[ sql ] [ DB ] CONNECT:[ UseTime:0.005711s ] mysql:dbname=school;host=127.0.0.1;port=3306;charset=utf8
[ sql ] [ SQL ] SHOW COLUMNS FROM `auth_user` [ RunTime:0.010055s ]
[ sql ] [ SQL ] SELECT * FROM `auth_user` WHERE  (  username='产品汪' and password='123' ) LIMIT 1 [ RunTime:0.000732s ]

---------------------------------------------------------------
[ 2017-06-26T17:46:42+08:00 ] 192.168.98.130 192.168.98.185 POST /index.php/test/Index/app
[ log ] 192.168.98.130/index.php/test/Index/app [运行时间：0.071943s][吞吐率：13.90req/s] [内存消耗：2,352.54kb] [文件加载：52]
[ info ] [ LANG ] C:\phpstuby\WWW\thinkphp\thinkphp\lang\zh-cn.php
[ info ] [ ROUTE ] array (
  'type' => 'module',
  'module' => 
  array (
    0 => 'test',
    1 => 'Index',
    2 => 'app',
  ),
)
[ info ] [ HEADER ] array (
  'content-type' => 'application/x-www-form-urlencoded; charset=utf-8',
  'content-length' => '19',
  'host' => '192.168.98.130',
  'connection' => 'Keep-Alive',
  'accept-encoding' => 'gzip',
  'user-agent' => 'okhttp/3.4.1',
)
[ info ] [ PARAM ] array (
  'username' => '',
  'password' => '',
)
[ info ] [ RUN ] app\test\controller\Index->app[ C:\phpstuby\WWW\thinkphp\application\test\controller\Index.php ]
[ info ] [ DB ] INIT mysql
[ info ] [ LOG ] INIT File
[ sql ] [ DB ] CONNECT:[ UseTime:0.005065s ] mysql:dbname=school;host=127.0.0.1;port=3306;charset=utf8
[ sql ] [ SQL ] SHOW COLUMNS FROM `auth_user` [ RunTime:0.009651s ]
[ sql ] [ SQL ] SELECT * FROM `auth_user` WHERE  (  username='产品汪' and password='123' ) LIMIT 1 [ RunTime:0.000941s ]

---------------------------------------------------------------
[ 2017-06-26T17:50:40+08:00 ] 192.168.98.130 192.168.98.185 POST /index.php/test/Index/app
[ log ] 192.168.98.130/index.php/test/Index/app [运行时间：0.070835s][吞吐率：14.12req/s] [内存消耗：2,352.66kb] [文件加载：52]
[ info ] [ LANG ] C:\phpstuby\WWW\thinkphp\thinkphp\lang\zh-cn.php
[ info ] [ ROUTE ] array (
  'type' => 'module',
  'module' => 
  array (
    0 => 'test',
    1 => 'Index',
    2 => 'app',
  ),
)
[ info ] [ HEADER ] array (
  'content-type' => 'application/x-www-form-urlencoded; charset=utf-8',
  'content-length' => '31',
  'host' => '192.168.98.130',
  'connection' => 'Keep-Alive',
  'accept-encoding' => 'gzip',
  'user-agent' => 'okhttp/3.4.1',
)
[ info ] [ PARAM ] array (
  'username' => '产品汪',
  'password' => '123',
)
[ info ] [ RUN ] app\test\controller\Index->app[ C:\phpstuby\WWW\thinkphp\application\test\controller\Index.php ]
[ info ] [ DB ] INIT mysql
[ info ] [ LOG ] INIT File
[ sql ] [ DB ] CONNECT:[ UseTime:0.004096s ] mysql:dbname=school;host=127.0.0.1;port=3306;charset=utf8
[ sql ] [ SQL ] SHOW COLUMNS FROM `auth_user` [ RunTime:0.010883s ]
[ sql ] [ SQL ] SELECT * FROM `auth_user` WHERE  (  username='产品汪' and password='123' ) LIMIT 1 [ RunTime:0.000688s ]

---------------------------------------------------------------
[ 2017-06-26T17:50:40+08:00 ] 192.168.98.130 192.168.98.185 POST /index.php/test/Index/app
[ log ] 192.168.98.130/index.php/test/Index/app [运行时间：0.062176s][吞吐率：16.08req/s] [内存消耗：2,352.66kb] [文件加载：52]
[ info ] [ LANG ] C:\phpstuby\WWW\thinkphp\thinkphp\lang\zh-cn.php
[ info ] [ ROUTE ] array (
  'type' => 'module',
  'module' => 
  array (
    0 => 'test',
    1 => 'Index',
    2 => 'app',
  ),
)
[ info ] [ HEADER ] array (
  'content-type' => 'application/x-www-form-urlencoded; charset=utf-8',
  'content-length' => '31',
  'host' => '192.168.98.130',
  'connection' => 'Keep-Alive',
  'accept-encoding' => 'gzip',
  'user-agent' => 'okhttp/3.4.1',
)
[ info ] [ PARAM ] array (
  'username' => '产品汪',
  'password' => '123',
)
[ info ] [ RUN ] app\test\controller\Index->app[ C:\phpstuby\WWW\thinkphp\application\test\controller\Index.php ]
[ info ] [ DB ] INIT mysql
[ info ] [ LOG ] INIT File
[ sql ] [ DB ] CONNECT:[ UseTime:0.003814s ] mysql:dbname=school;host=127.0.0.1;port=3306;charset=utf8
[ sql ] [ SQL ] SHOW COLUMNS FROM `auth_user` [ RunTime:0.011693s ]
[ sql ] [ SQL ] SELECT * FROM `auth_user` WHERE  (  username='产品汪' and password='123' ) LIMIT 1 [ RunTime:0.000683s ]

---------------------------------------------------------------
[ 2017-06-26T17:50:40+08:00 ] 192.168.98.130 192.168.98.185 POST /index.php/test/Index/app
[ log ] 192.168.98.130/index.php/test/Index/app [运行时间：0.062502s][吞吐率：16.00req/s] [内存消耗：2,352.66kb] [文件加载：52]
[ info ] [ LANG ] C:\phpstuby\WWW\thinkphp\thinkphp\lang\zh-cn.php
[ info ] [ ROUTE ] array (
  'type' => 'module',
  'module' => 
  array (
    0 => 'test',
    1 => 'Index',
    2 => 'app',
  ),
)
[ info ] [ HEADER ] array (
  'content-type' => 'application/x-www-form-urlencoded; charset=utf-8',
  'content-length' => '31',
  'host' => '192.168.98.130',
  'connection' => 'Keep-Alive',
  'accept-encoding' => 'gzip',
  'user-agent' => 'okhttp/3.4.1',
)
[ info ] [ PARAM ] array (
  'username' => '产品汪',
  'password' => '123',
)
[ info ] [ RUN ] app\test\controller\Index->app[ C:\phpstuby\WWW\thinkphp\application\test\controller\Index.php ]
[ info ] [ DB ] INIT mysql
[ info ] [ LOG ] INIT File
[ sql ] [ DB ] CONNECT:[ UseTime:0.004943s ] mysql:dbname=school;host=127.0.0.1;port=3306;charset=utf8
[ sql ] [ SQL ] SHOW COLUMNS FROM `auth_user` [ RunTime:0.009370s ]
[ sql ] [ SQL ] SELECT * FROM `auth_user` WHERE  (  username='产品汪' and password='123' ) LIMIT 1 [ RunTime:0.000716s ]

---------------------------------------------------------------
[ 2017-06-26T17:50:41+08:00 ] 192.168.98.130 192.168.98.185 POST /index.php/test/Index/app
[ log ] 192.168.98.130/index.php/test/Index/app [运行时间：0.076725s][吞吐率：13.03req/s] [内存消耗：2,352.66kb] [文件加载：52]
[ info ] [ LANG ] C:\phpstuby\WWW\thinkphp\thinkphp\lang\zh-cn.php
[ info ] [ ROUTE ] array (
  'type' => 'module',
  'module' => 
  array (
    0 => 'test',
    1 => 'Index',
    2 => 'app',
  ),
)
[ info ] [ HEADER ] array (
  'content-type' => 'application/x-www-form-urlencoded; charset=utf-8',
  'content-length' => '31',
  'host' => '192.168.98.130',
  'connection' => 'Keep-Alive',
  'accept-encoding' => 'gzip',
  'user-agent' => 'okhttp/3.4.1',
)
[ info ] [ PARAM ] array (
  'username' => '产品汪',
  'password' => '123',
)
[ info ] [ RUN ] app\test\controller\Index->app[ C:\phpstuby\WWW\thinkphp\application\test\controller\Index.php ]
[ info ] [ DB ] INIT mysql
[ info ] [ LOG ] INIT File
[ sql ] [ DB ] CONNECT:[ UseTime:0.004129s ] mysql:dbname=school;host=127.0.0.1;port=3306;charset=utf8
[ sql ] [ SQL ] SHOW COLUMNS FROM `auth_user` [ RunTime:0.010683s ]
[ sql ] [ SQL ] SELECT * FROM `auth_user` WHERE  (  username='产品汪' and password='123' ) LIMIT 1 [ RunTime:0.000713s ]

---------------------------------------------------------------
[ 2017-06-26T17:50:41+08:00 ] 192.168.98.130 192.168.98.185 POST /index.php/test/Index/app
[ log ] 192.168.98.130/index.php/test/Index/app [运行时间：0.059416s][吞吐率：16.83req/s] [内存消耗：2,352.66kb] [文件加载：52]
[ info ] [ LANG ] C:\phpstuby\WWW\thinkphp\thinkphp\lang\zh-cn.php
[ info ] [ ROUTE ] array (
  'type' => 'module',
  'module' => 
  array (
    0 => 'test',
    1 => 'Index',
    2 => 'app',
  ),
)
[ info ] [ HEADER ] array (
  'content-type' => 'application/x-www-form-urlencoded; charset=utf-8',
  'content-length' => '31',
  'host' => '192.168.98.130',
  'connection' => 'Keep-Alive',
  'accept-encoding' => 'gzip',
  'user-agent' => 'okhttp/3.4.1',
)
[ info ] [ PARAM ] array (
  'username' => '产品汪',
  'password' => '123',
)
[ info ] [ RUN ] app\test\controller\Index->app[ C:\phpstuby\WWW\thinkphp\application\test\controller\Index.php ]
[ info ] [ DB ] INIT mysql
[ info ] [ LOG ] INIT File
[ sql ] [ DB ] CONNECT:[ UseTime:0.004318s ] mysql:dbname=school;host=127.0.0.1;port=3306;charset=utf8
[ sql ] [ SQL ] SHOW COLUMNS FROM `auth_user` [ RunTime:0.009075s ]
[ sql ] [ SQL ] SELECT * FROM `auth_user` WHERE  (  username='产品汪' and password='123' ) LIMIT 1 [ RunTime:0.000746s ]

---------------------------------------------------------------
[ 2017-06-26T17:50:41+08:00 ] 192.168.98.130 192.168.98.185 POST /index.php/test/Index/app
[ log ] 192.168.98.130/index.php/test/Index/app [运行时间：0.070018s][吞吐率：14.28req/s] [内存消耗：2,352.66kb] [文件加载：52]
[ info ] [ LANG ] C:\phpstuby\WWW\thinkphp\thinkphp\lang\zh-cn.php
[ info ] [ ROUTE ] array (
  'type' => 'module',
  'module' => 
  array (
    0 => 'test',
    1 => 'Index',
    2 => 'app',
  ),
)
[ info ] [ HEADER ] array (
  'content-type' => 'application/x-www-form-urlencoded; charset=utf-8',
  'content-length' => '31',
  'host' => '192.168.98.130',
  'connection' => 'Keep-Alive',
  'accept-encoding' => 'gzip',
  'user-agent' => 'okhttp/3.4.1',
)
[ info ] [ PARAM ] array (
  'username' => '产品汪',
  'password' => '123',
)
[ info ] [ RUN ] app\test\controller\Index->app[ C:\phpstuby\WWW\thinkphp\application\test\controller\Index.php ]
[ info ] [ DB ] INIT mysql
[ info ] [ LOG ] INIT File
[ sql ] [ DB ] CONNECT:[ UseTime:0.004528s ] mysql:dbname=school;host=127.0.0.1;port=3306;charset=utf8
[ sql ] [ SQL ] SHOW COLUMNS FROM `auth_user` [ RunTime:0.009153s ]
[ sql ] [ SQL ] SELECT * FROM `auth_user` WHERE  (  username='产品汪' and password='123' ) LIMIT 1 [ RunTime:0.001290s ]

---------------------------------------------------------------
[ 2017-06-26T17:50:41+08:00 ] 192.168.98.130 192.168.98.185 POST /index.php/test/Index/app
[ log ] 192.168.98.130/index.php/test/Index/app [运行时间：0.064039s][吞吐率：15.62req/s] [内存消耗：2,352.66kb] [文件加载：52]
[ info ] [ LANG ] C:\phpstuby\WWW\thinkphp\thinkphp\lang\zh-cn.php
[ info ] [ ROUTE ] array (
  'type' => 'module',
  'module' => 
  array (
    0 => 'test',
    1 => 'Index',
    2 => 'app',
  ),
)
[ info ] [ HEADER ] array (
  'content-type' => 'application/x-www-form-urlencoded; charset=utf-8',
  'content-length' => '31',
  'host' => '192.168.98.130',
  'connection' => 'Keep-Alive',
  'accept-encoding' => 'gzip',
  'user-agent' => 'okhttp/3.4.1',
)
[ info ] [ PARAM ] array (
  'username' => '产品汪',
  'password' => '123',
)
[ info ] [ RUN ] app\test\controller\Index->app[ C:\phpstuby\WWW\thinkphp\application\test\controller\Index.php ]
[ info ] [ DB ] INIT mysql
[ info ] [ LOG ] INIT File
[ sql ] [ DB ] CONNECT:[ UseTime:0.003726s ] mysql:dbname=school;host=127.0.0.1;port=3306;charset=utf8
[ sql ] [ SQL ] SHOW COLUMNS FROM `auth_user` [ RunTime:0.011804s ]
[ sql ] [ SQL ] SELECT * FROM `auth_user` WHERE  (  username='产品汪' and password='123' ) LIMIT 1 [ RunTime:0.000796s ]

---------------------------------------------------------------
[ 2017-06-26T17:50:41+08:00 ] 192.168.98.130 192.168.98.185 POST /index.php/test/Index/app
[ log ] 192.168.98.130/index.php/test/Index/app [运行时间：0.065087s][吞吐率：15.36req/s] [内存消耗：2,352.66kb] [文件加载：52]
[ info ] [ LANG ] C:\phpstuby\WWW\thinkphp\thinkphp\lang\zh-cn.php
[ info ] [ ROUTE ] array (
  'type' => 'module',
  'module' => 
  array (
    0 => 'test',
    1 => 'Index',
    2 => 'app',
  ),
)
[ info ] [ HEADER ] array (
  'content-type' => 'application/x-www-form-urlencoded; charset=utf-8',
  'content-length' => '31',
  'host' => '192.168.98.130',
  'connection' => 'Keep-Alive',
  'accept-encoding' => 'gzip',
  'user-agent' => 'okhttp/3.4.1',
)
[ info ] [ PARAM ] array (
  'username' => '产品汪',
  'password' => '123',
)
[ info ] [ RUN ] app\test\controller\Index->app[ C:\phpstuby\WWW\thinkphp\application\test\controller\Index.php ]
[ info ] [ DB ] INIT mysql
[ info ] [ LOG ] INIT File
[ sql ] [ DB ] CONNECT:[ UseTime:0.004620s ] mysql:dbname=school;host=127.0.0.1;port=3306;charset=utf8
[ sql ] [ SQL ] SHOW COLUMNS FROM `auth_user` [ RunTime:0.011740s ]
[ sql ] [ SQL ] SELECT * FROM `auth_user` WHERE  (  username='产品汪' and password='123' ) LIMIT 1 [ RunTime:0.000732s ]

---------------------------------------------------------------
[ 2017-06-26T18:14:51+08:00 ] 192.168.98.130 192.168.98.130 GET /index.php/test/Index/app
[ log ] 192.168.98.130/index.php/test/Index/app [运行时间：0.113378s][吞吐率：8.82req/s] [内存消耗：2,352.64kb] [文件加载：52]
[ info ] [ LANG ] C:\phpstuby\WWW\thinkphp\thinkphp\lang\zh-cn.php
[ info ] [ ROUTE ] array (
  'type' => 'module',
  'module' => 
  array (
    0 => 'test',
    1 => 'Index',
    2 => 'app',
  ),
)
[ info ] [ HEADER ] array (
  'host' => '192.168.98.130',
  'connection' => 'keep-alive',
  'cache-control' => 'max-age=0',
  'accept' => 'text/html,application/xhtml+xml,application/xml;q=0.9,image/webp,*/*;q=0.8',
  'upgrade-insecure-requests' => '1',
  'user-agent' => 'Mozilla/5.0 (Windows NT 10.0; WOW64) AppleWebKit/537.36 (KHTML, like Gecko) Chrome/45.0.2454.101 Safari/537.36',
  'accept-encoding' => 'gzip, deflate, sdch',
  'accept-language' => 'zh-CN,zh;q=0.8',
)
[ info ] [ PARAM ] array (
)
[ info ] [ RUN ] app\test\controller\Index->app[ C:\phpstuby\WWW\thinkphp\application\test\controller\Index.php ]
[ info ] [ DB ] INIT mysql
[ info ] [ LOG ] INIT File
[ sql ] [ DB ] CONNECT:[ UseTime:0.005854s ] mysql:dbname=school;host=127.0.0.1;port=3306;charset=utf8
[ sql ] [ SQL ] SHOW COLUMNS FROM `auth_user` [ RunTime:0.036331s ]
[ sql ] [ SQL ] SELECT * FROM `auth_user` WHERE  (  username='' and password='' ) LIMIT 1 [ RunTime:0.001032s ]

---------------------------------------------------------------
[ 2017-06-26T18:19:36+08:00 ] 192.168.98.130 192.168.98.185 POST /index.php/test/Index/app
[ log ] 192.168.98.130/index.php/test/Index/app [运行时间：0.051171s][吞吐率：19.54req/s] [内存消耗：1,649.51kb] [文件加载：45]
[ info ] [ LANG ] C:\phpstuby\WWW\thinkphp\thinkphp\lang\zh-cn.php
[ info ] [ ROUTE ] array (
  'type' => 'module',
  'module' => 
  array (
    0 => 'test',
    1 => 'Index',
    2 => 'app',
  ),
)
[ info ] [ HEADER ] array (
  'accept' => 'application/json',
  'content-type' => 'application/json; charset=utf-8',
  'content-length' => '41',
  'host' => '192.168.98.130',
  'connection' => 'Keep-Alive',
  'accept-encoding' => 'gzip',
  'user-agent' => 'okhttp/3.4.1',
)
[ info ] [ PARAM ] array (
  'username' => '产品汪',
  'password' => '123',
)
[ info ] [ RUN ] app\test\controller\Index->app[ C:\phpstuby\WWW\thinkphp\application\test\controller\Index.php ]
[ info ] [ LOG ] INIT File

---------------------------------------------------------------
[ 2017-06-26T18:19:51+08:00 ] 192.168.98.130 192.168.98.185 POST /index.php/test/Index/app
[ log ] 192.168.98.130/index.php/test/Index/app [运行时间：0.066577s][吞吐率：15.02req/s] [内存消耗：2,353.23kb] [文件加载：52]
[ info ] [ LANG ] C:\phpstuby\WWW\thinkphp\thinkphp\lang\zh-cn.php
[ info ] [ ROUTE ] array (
  'type' => 'module',
  'module' => 
  array (
    0 => 'test',
    1 => 'Index',
    2 => 'app',
  ),
)
[ info ] [ HEADER ] array (
  'accept' => 'application/json',
  'content-type' => 'application/json; charset=utf-8',
  'content-length' => '41',
  'host' => '192.168.98.130',
  'connection' => 'Keep-Alive',
  'accept-encoding' => 'gzip',
  'user-agent' => 'okhttp/3.4.1',
)
[ info ] [ PARAM ] array (
  'username' => '产品汪',
  'password' => '123',
)
[ info ] [ RUN ] app\test\controller\Index->app[ C:\phpstuby\WWW\thinkphp\application\test\controller\Index.php ]
[ info ] [ DB ] INIT mysql
[ info ] [ LOG ] INIT File
[ sql ] [ DB ] CONNECT:[ UseTime:0.004439s ] mysql:dbname=school;host=127.0.0.1;port=3306;charset=utf8
[ sql ] [ SQL ] SHOW COLUMNS FROM `auth_user` [ RunTime:0.009657s ]
[ sql ] [ SQL ] SELECT * FROM `auth_user` WHERE  (  username='产品汪' and password='123' ) LIMIT 1 [ RunTime:0.001059s ]

---------------------------------------------------------------
[ 2017-06-26T18:20:01+08:00 ] 192.168.98.130 192.168.98.185 POST /index.php/test/Index/app
[ log ] 192.168.98.130/index.php/test/Index/app [运行时间：0.074333s][吞吐率：13.45req/s] [内存消耗：2,353.23kb] [文件加载：52]
[ info ] [ LANG ] C:\phpstuby\WWW\thinkphp\thinkphp\lang\zh-cn.php
[ info ] [ ROUTE ] array (
  'type' => 'module',
  'module' => 
  array (
    0 => 'test',
    1 => 'Index',
    2 => 'app',
  ),
)
[ info ] [ HEADER ] array (
  'accept' => 'application/json',
  'content-type' => 'application/json; charset=utf-8',
  'content-length' => '41',
  'host' => '192.168.98.130',
  'connection' => 'Keep-Alive',
  'accept-encoding' => 'gzip',
  'user-agent' => 'okhttp/3.4.1',
)
[ info ] [ PARAM ] array (
  'username' => '产品汪',
  'password' => '123',
)
[ info ] [ RUN ] app\test\controller\Index->app[ C:\phpstuby\WWW\thinkphp\application\test\controller\Index.php ]
[ info ] [ DB ] INIT mysql
[ info ] [ LOG ] INIT File
[ sql ] [ DB ] CONNECT:[ UseTime:0.012665s ] mysql:dbname=school;host=127.0.0.1;port=3306;charset=utf8
[ sql ] [ SQL ] SHOW COLUMNS FROM `auth_user` [ RunTime:0.009501s ]
[ sql ] [ SQL ] SELECT * FROM `auth_user` WHERE  (  username='产品汪' and password='123' ) LIMIT 1 [ RunTime:0.000768s ]

---------------------------------------------------------------
[ 2017-06-26T18:25:19+08:00 ] 192.168.98.130 192.168.98.185 POST /index.php/test/Index/app
[ log ] 192.168.98.130/index.php/test/Index/app [运行时间：0.091003s][吞吐率：10.99req/s] [内存消耗：2,353.18kb] [文件加载：52]
[ info ] [ LANG ] C:\phpstuby\WWW\thinkphp\thinkphp\lang\zh-cn.php
[ info ] [ ROUTE ] array (
  'type' => 'module',
  'module' => 
  array (
    0 => 'test',
    1 => 'Index',
    2 => 'app',
  ),
)
[ info ] [ HEADER ] array (
  'accept' => 'application/json',
  'content-type' => 'application/json; charset=utf-8',
  'content-length' => '33',
  'host' => '192.168.98.130',
  'connection' => 'Keep-Alive',
  'accept-encoding' => 'gzip',
  'user-agent' => 'okhttp/3.4.1',
)
[ info ] [ PARAM ] array (
  'username' => 'q',
  'password' => '123',
)
[ info ] [ RUN ] app\test\controller\Index->app[ C:\phpstuby\WWW\thinkphp\application\test\controller\Index.php ]
[ info ] [ DB ] INIT mysql
[ info ] [ LOG ] INIT File
[ sql ] [ DB ] CONNECT:[ UseTime:0.005844s ] mysql:dbname=school;host=127.0.0.1;port=3306;charset=utf8
[ sql ] [ SQL ] SHOW COLUMNS FROM `auth_user` [ RunTime:0.011756s ]
[ sql ] [ SQL ] SELECT * FROM `auth_user` WHERE  (  username='q' and password='123' ) LIMIT 1 [ RunTime:0.000743s ]

---------------------------------------------------------------
[ 2017-06-26T18:26:04+08:00 ] 192.168.98.130 192.168.98.185 POST /index.php/test/Index/app
[ log ] 192.168.98.130/index.php/test/Index/app [运行时间：0.100546s][吞吐率：9.95req/s] [内存消耗：2,353.18kb] [文件加载：52]
[ info ] [ LANG ] C:\phpstuby\WWW\thinkphp\thinkphp\lang\zh-cn.php
[ info ] [ ROUTE ] array (
  'type' => 'module',
  'module' => 
  array (
    0 => 'test',
    1 => 'Index',
    2 => 'app',
  ),
)
[ info ] [ HEADER ] array (
  'accept' => 'application/json',
  'content-type' => 'application/json; charset=utf-8',
  'content-length' => '33',
  'host' => '192.168.98.130',
  'connection' => 'Keep-Alive',
  'accept-encoding' => 'gzip',
  'user-agent' => 'okhttp/3.4.1',
)
[ info ] [ PARAM ] array (
  'username' => 'q',
  'password' => '123',
)
[ info ] [ RUN ] app\test\controller\Index->app[ C:\phpstuby\WWW\thinkphp\application\test\controller\Index.php ]
[ info ] [ DB ] INIT mysql
[ info ] [ LOG ] INIT File
[ sql ] [ DB ] CONNECT:[ UseTime:0.003945s ] mysql:dbname=school;host=127.0.0.1;port=3306;charset=utf8
[ sql ] [ SQL ] SHOW COLUMNS FROM `auth_user` [ RunTime:0.048740s ]
[ sql ] [ SQL ] SELECT * FROM `auth_user` WHERE  (  username='q' and password='123' ) LIMIT 1 [ RunTime:0.000938s ]

---------------------------------------------------------------
[ 2017-06-26T18:26:36+08:00 ] 192.168.98.130 192.168.98.185 POST /index.php/test/Index/app
[ log ] 192.168.98.130/index.php/test/Index/app [运行时间：0.061334s][吞吐率：16.30req/s] [内存消耗：2,353.18kb] [文件加载：52]
[ info ] [ LANG ] C:\phpstuby\WWW\thinkphp\thinkphp\lang\zh-cn.php
[ info ] [ ROUTE ] array (
  'type' => 'module',
  'module' => 
  array (
    0 => 'test',
    1 => 'Index',
    2 => 'app',
  ),
)
[ info ] [ HEADER ] array (
  'accept' => 'application/json',
  'content-type' => 'application/json; charset=utf-8',
  'content-length' => '33',
  'host' => '192.168.98.130',
  'connection' => 'Keep-Alive',
  'accept-encoding' => 'gzip',
  'user-agent' => 'okhttp/3.4.1',
)
[ info ] [ PARAM ] array (
  'username' => 'q',
  'password' => '123',
)
[ info ] [ RUN ] app\test\controller\Index->app[ C:\phpstuby\WWW\thinkphp\application\test\controller\Index.php ]
[ info ] [ DB ] INIT mysql
[ info ] [ LOG ] INIT File
[ sql ] [ DB ] CONNECT:[ UseTime:0.003972s ] mysql:dbname=school;host=127.0.0.1;port=3306;charset=utf8
[ sql ] [ SQL ] SHOW COLUMNS FROM `auth_user` [ RunTime:0.010359s ]
[ sql ] [ SQL ] SELECT * FROM `auth_user` WHERE  (  username='q' and password='123' ) LIMIT 1 [ RunTime:0.000684s ]

---------------------------------------------------------------
[ 2017-06-26T18:27:01+08:00 ] 192.168.98.130 192.168.98.185 POST /index.php/test/Index/app
[ log ] 192.168.98.130/index.php/test/Index/app [运行时间：0.112756s][吞吐率：8.87req/s] [内存消耗：2,353.18kb] [文件加载：52]
[ info ] [ LANG ] C:\phpstuby\WWW\thinkphp\thinkphp\lang\zh-cn.php
[ info ] [ ROUTE ] array (
  'type' => 'module',
  'module' => 
  array (
    0 => 'test',
    1 => 'Index',
    2 => 'app',
  ),
)
[ info ] [ HEADER ] array (
  'accept' => 'application/json',
  'content-type' => 'application/json; charset=utf-8',
  'content-length' => '33',
  'host' => '192.168.98.130',
  'connection' => 'Keep-Alive',
  'accept-encoding' => 'gzip',
  'user-agent' => 'okhttp/3.4.1',
)
[ info ] [ PARAM ] array (
  'username' => 'q',
  'password' => '123',
)
[ info ] [ RUN ] app\test\controller\Index->app[ C:\phpstuby\WWW\thinkphp\application\test\controller\Index.php ]
[ info ] [ DB ] INIT mysql
[ info ] [ LOG ] INIT File
[ sql ] [ DB ] CONNECT:[ UseTime:0.003883s ] mysql:dbname=school;host=127.0.0.1;port=3306;charset=utf8
[ sql ] [ SQL ] SHOW COLUMNS FROM `auth_user` [ RunTime:0.011077s ]
[ sql ] [ SQL ] SELECT * FROM `auth_user` WHERE  (  username='q' and password='123' ) LIMIT 1 [ RunTime:0.000984s ]

---------------------------------------------------------------
[ 2017-06-26T18:49:17+08:00 ] 192.168.98.130 192.168.98.185 POST /index.php/test/Index/app
[ log ] 192.168.98.130/index.php/test/Index/app [运行时间：0.103110s][吞吐率：9.70req/s] [内存消耗：2,353.18kb] [文件加载：52]
[ info ] [ LANG ] C:\phpstuby\WWW\thinkphp\thinkphp\lang\zh-cn.php
[ info ] [ ROUTE ] array (
  'type' => 'module',
  'module' => 
  array (
    0 => 'test',
    1 => 'Index',
    2 => 'app',
  ),
)
[ info ] [ HEADER ] array (
  'accept' => 'application/json',
  'content-type' => 'application/json; charset=utf-8',
  'content-length' => '33',
  'host' => '192.168.98.130',
  'connection' => 'Keep-Alive',
  'accept-encoding' => 'gzip',
  'user-agent' => 'okhttp/3.4.1',
)
[ info ] [ PARAM ] array (
  'username' => 'q',
  'password' => '123',
)
[ info ] [ RUN ] app\test\controller\Index->app[ C:\phpstuby\WWW\thinkphp\application\test\controller\Index.php ]
[ info ] [ DB ] INIT mysql
[ info ] [ LOG ] INIT File
[ sql ] [ DB ] CONNECT:[ UseTime:0.005514s ] mysql:dbname=school;host=127.0.0.1;port=3306;charset=utf8
[ sql ] [ SQL ] SHOW COLUMNS FROM `auth_user` [ RunTime:0.010335s ]
[ sql ] [ SQL ] SELECT * FROM `auth_user` WHERE  (  username='q' and password='123' ) LIMIT 1 [ RunTime:0.001703s ]

---------------------------------------------------------------
[ 2017-06-26T18:49:56+08:00 ] 192.168.98.130 192.168.98.185 POST /index.php/test/Index/app
[ log ] 192.168.98.130/index.php/test/Index/app [运行时间：0.127109s][吞吐率：7.87req/s] [内存消耗：2,352.90kb] [文件加载：52]
[ info ] [ LANG ] C:\phpstuby\WWW\thinkphp\thinkphp\lang\zh-cn.php
[ info ] [ ROUTE ] array (
  'type' => 'module',
  'module' => 
  array (
    0 => 'test',
    1 => 'Index',
    2 => 'app',
  ),
)
[ info ] [ HEADER ] array (
  'accept' => 'application/json',
  'content-type' => 'application/json; charset=utf-8',
  'content-length' => '33',
  'host' => '192.168.98.130',
  'connection' => 'Keep-Alive',
  'accept-encoding' => 'gzip',
  'user-agent' => 'okhttp/3.4.1',
)
[ info ] [ PARAM ] array (
  'username' => 'q',
  'password' => '123',
)
[ info ] [ RUN ] app\test\controller\Index->app[ C:\phpstuby\WWW\thinkphp\application\test\controller\Index.php ]
[ info ] [ DB ] INIT mysql
[ info ] [ LOG ] INIT File
[ sql ] [ DB ] CONNECT:[ UseTime:0.004278s ] mysql:dbname=school;host=127.0.0.1;port=3306;charset=utf8
[ sql ] [ SQL ] SHOW COLUMNS FROM `auth_user` [ RunTime:0.050446s ]
[ sql ] [ SQL ] SELECT * FROM `auth_user` WHERE  (  username='q' and password='123' ) LIMIT 1 [ RunTime:0.000723s ]

---------------------------------------------------------------
[ 2017-06-26T18:49:59+08:00 ] 192.168.98.130 192.168.98.130 GET /index.php
[ log ] 192.168.98.130/index.php [运行时间：0.356350s][吞吐率：2.81req/s] [内存消耗：1,953.31kb] [文件加载：48]
[ info ] [ LANG ] C:\phpstuby\WWW\thinkphp\thinkphp\lang\zh-cn.php
[ info ] [ ROUTE ] array (
  'type' => 'module',
  'module' => 
  array (
    0 => '',
    1 => NULL,
    2 => NULL,
  ),
)
[ info ] [ HEADER ] array (
  'host' => '192.168.98.130',
  'accept-encoding' => 'compress,gzip',
  'connection' => 'Close',
)
[ info ] [ PARAM ] array (
)
[ info ] [ SESSION ] INIT array (
  'id' => '',
  'var_session_id' => '',
  'prefix' => 'think',
  'type' => '',
  'auto_start' => true,
)
[ info ] [ LOG ] INIT File

---------------------------------------------------------------
[ 2017-06-26T18:50:27+08:00 ] 192.168.98.130 192.168.98.185 POST /index.php/test/Index/app
[ log ] 192.168.98.130/index.php/test/Index/app [运行时间：0.072832s][吞吐率：13.73req/s] [内存消耗：2,353.18kb] [文件加载：52]
[ info ] [ LANG ] C:\phpstuby\WWW\thinkphp\thinkphp\lang\zh-cn.php
[ info ] [ ROUTE ] array (
  'type' => 'module',
  'module' => 
  array (
    0 => 'test',
    1 => 'Index',
    2 => 'app',
  ),
)
[ info ] [ HEADER ] array (
  'accept' => 'application/json',
  'content-type' => 'application/json; charset=utf-8',
  'content-length' => '33',
  'host' => '192.168.98.130',
  'connection' => 'Keep-Alive',
  'accept-encoding' => 'gzip',
  'user-agent' => 'okhttp/3.4.1',
)
[ info ] [ PARAM ] array (
  'username' => 'q',
  'password' => '123',
)
[ info ] [ RUN ] app\test\controller\Index->app[ C:\phpstuby\WWW\thinkphp\application\test\controller\Index.php ]
[ info ] [ DB ] INIT mysql
[ info ] [ LOG ] INIT File
[ sql ] [ DB ] CONNECT:[ UseTime:0.004574s ] mysql:dbname=school;host=127.0.0.1;port=3306;charset=utf8
[ sql ] [ SQL ] SHOW COLUMNS FROM `auth_user` [ RunTime:0.008831s ]
[ sql ] [ SQL ] SELECT * FROM `auth_user` WHERE  (  username='q' and password='123' ) LIMIT 1 [ RunTime:0.000704s ]

---------------------------------------------------------------
[ 2017-06-26T18:52:04+08:00 ] 192.168.98.130 192.168.98.185 POST /index.php/test/Index/app
[ log ] 192.168.98.130/index.php/test/Index/app [运行时间：0.097553s][吞吐率：10.25req/s] [内存消耗：2,353.18kb] [文件加载：52]
[ info ] [ LANG ] C:\phpstuby\WWW\thinkphp\thinkphp\lang\zh-cn.php
[ info ] [ ROUTE ] array (
  'type' => 'module',
  'module' => 
  array (
    0 => 'test',
    1 => 'Index',
    2 => 'app',
  ),
)
[ info ] [ HEADER ] array (
  'accept' => 'application/json',
  'content-type' => 'application/json; charset=utf-8',
  'content-length' => '33',
  'host' => '192.168.98.130',
  'connection' => 'Keep-Alive',
  'accept-encoding' => 'gzip',
  'user-agent' => 'okhttp/3.4.1',
)
[ info ] [ PARAM ] array (
  'username' => 'q',
  'password' => '123',
)
[ info ] [ RUN ] app\test\controller\Index->app[ C:\phpstuby\WWW\thinkphp\application\test\controller\Index.php ]
[ info ] [ DB ] INIT mysql
[ info ] [ LOG ] INIT File
[ sql ] [ DB ] CONNECT:[ UseTime:0.004690s ] mysql:dbname=school;host=127.0.0.1;port=3306;charset=utf8
[ sql ] [ SQL ] SHOW COLUMNS FROM `auth_user` [ RunTime:0.018059s ]
[ sql ] [ SQL ] SELECT * FROM `auth_user` WHERE  (  username='q' and password='123' ) LIMIT 1 [ RunTime:0.000849s ]

---------------------------------------------------------------
[ 2017-06-26T18:52:25+08:00 ] 192.168.98.130 192.168.98.185 POST /index.php/test/Index/app
[ log ] 192.168.98.130/index.php/test/Index/app [运行时间：0.077366s][吞吐率：12.93req/s] [内存消耗：2,353.18kb] [文件加载：52]
[ info ] [ LANG ] C:\phpstuby\WWW\thinkphp\thinkphp\lang\zh-cn.php
[ info ] [ ROUTE ] array (
  'type' => 'module',
  'module' => 
  array (
    0 => 'test',
    1 => 'Index',
    2 => 'app',
  ),
)
[ info ] [ HEADER ] array (
  'accept' => 'application/json',
  'content-type' => 'application/json; charset=utf-8',
  'content-length' => '33',
  'host' => '192.168.98.130',
  'connection' => 'Keep-Alive',
  'accept-encoding' => 'gzip',
  'user-agent' => 'okhttp/3.4.1',
)
[ info ] [ PARAM ] array (
  'username' => 'q',
  'password' => '123',
)
[ info ] [ RUN ] app\test\controller\Index->app[ C:\phpstuby\WWW\thinkphp\application\test\controller\Index.php ]
[ info ] [ DB ] INIT mysql
[ info ] [ LOG ] INIT File
[ sql ] [ DB ] CONNECT:[ UseTime:0.017900s ] mysql:dbname=school;host=127.0.0.1;port=3306;charset=utf8
[ sql ] [ SQL ] SHOW COLUMNS FROM `auth_user` [ RunTime:0.009272s ]
[ sql ] [ SQL ] SELECT * FROM `auth_user` WHERE  (  username='q' and password='123' ) LIMIT 1 [ RunTime:0.000676s ]

---------------------------------------------------------------
[ 2017-06-26T18:52:54+08:00 ] 192.168.98.130 192.168.98.185 POST /index.php/test/Index/app
[ log ] 192.168.98.130/index.php/test/Index/app [运行时间：0.090108s][吞吐率：11.10req/s] [内存消耗：2,353.18kb] [文件加载：52]
[ info ] [ LANG ] C:\phpstuby\WWW\thinkphp\thinkphp\lang\zh-cn.php
[ info ] [ ROUTE ] array (
  'type' => 'module',
  'module' => 
  array (
    0 => 'test',
    1 => 'Index',
    2 => 'app',
  ),
)
[ info ] [ HEADER ] array (
  'accept' => 'application/json',
  'content-type' => 'application/json; charset=utf-8',
  'content-length' => '33',
  'host' => '192.168.98.130',
  'connection' => 'Keep-Alive',
  'accept-encoding' => 'gzip',
  'user-agent' => 'okhttp/3.4.1',
)
[ info ] [ PARAM ] array (
  'username' => 'q',
  'password' => '123',
)
[ info ] [ RUN ] app\test\controller\Index->app[ C:\phpstuby\WWW\thinkphp\application\test\controller\Index.php ]
[ info ] [ DB ] INIT mysql
[ info ] [ LOG ] INIT File
[ sql ] [ DB ] CONNECT:[ UseTime:0.004363s ] mysql:dbname=school;host=127.0.0.1;port=3306;charset=utf8
[ sql ] [ SQL ] SHOW COLUMNS FROM `auth_user` [ RunTime:0.032602s ]
[ sql ] [ SQL ] SELECT * FROM `auth_user` WHERE  (  username='q' and password='123' ) LIMIT 1 [ RunTime:0.000708s ]

---------------------------------------------------------------
[ 2017-06-26T18:53:37+08:00 ] 192.168.98.130 192.168.98.185 POST /index.php/test/Index/app
[ log ] 192.168.98.130/index.php/test/Index/app [运行时间：0.077558s][吞吐率：12.89req/s] [内存消耗：2,353.23kb] [文件加载：52]
[ info ] [ LANG ] C:\phpstuby\WWW\thinkphp\thinkphp\lang\zh-cn.php
[ info ] [ ROUTE ] array (
  'type' => 'module',
  'module' => 
  array (
    0 => 'test',
    1 => 'Index',
    2 => 'app',
  ),
)
[ info ] [ HEADER ] array (
  'accept' => 'application/json',
  'content-type' => 'application/json; charset=utf-8',
  'content-length' => '41',
  'host' => '192.168.98.130',
  'connection' => 'Keep-Alive',
  'accept-encoding' => 'gzip',
  'user-agent' => 'okhttp/3.4.1',
)
[ info ] [ PARAM ] array (
  'username' => '产品汪',
  'password' => '123',
)
[ info ] [ RUN ] app\test\controller\Index->app[ C:\phpstuby\WWW\thinkphp\application\test\controller\Index.php ]
[ info ] [ DB ] INIT mysql
[ info ] [ LOG ] INIT File
[ sql ] [ DB ] CONNECT:[ UseTime:0.004073s ] mysql:dbname=school;host=127.0.0.1;port=3306;charset=utf8
[ sql ] [ SQL ] SHOW COLUMNS FROM `auth_user` [ RunTime:0.008383s ]
[ sql ] [ SQL ] SELECT * FROM `auth_user` WHERE  (  username='产品汪' and password='123' ) LIMIT 1 [ RunTime:0.000988s ]

---------------------------------------------------------------
[ 2017-06-26T19:13:03+08:00 ] 192.168.98.130 192.168.98.185 POST /index.php/test/Index/app
[ log ] 192.168.98.130/index.php/test/Index/app [运行时间：2.275547s][吞吐率：0.44req/s] [内存消耗：2,353.18kb] [文件加载：52]
[ info ] [ LANG ] C:\phpstuby\WWW\thinkphp\thinkphp\lang\zh-cn.php
[ info ] [ ROUTE ] array (
  'type' => 'module',
  'module' => 
  array (
    0 => 'test',
    1 => 'Index',
    2 => 'app',
  ),
)
[ info ] [ HEADER ] array (
  'accept' => 'application/json',
  'content-type' => 'application/json; charset=utf-8',
  'content-length' => '33',
  'host' => '192.168.98.130',
  'connection' => 'Keep-Alive',
  'accept-encoding' => 'gzip',
  'user-agent' => 'okhttp/3.4.1',
)
[ info ] [ PARAM ] array (
  'username' => 'q',
  'password' => '123',
)
[ info ] [ RUN ] app\test\controller\Index->app[ C:\phpstuby\WWW\thinkphp\application\test\controller\Index.php ]
[ info ] [ DB ] INIT mysql
[ info ] [ LOG ] INIT File
[ sql ] [ DB ] CONNECT:[ UseTime:0.258816s ] mysql:dbname=school;host=127.0.0.1;port=3306;charset=utf8
[ sql ] [ SQL ] SHOW COLUMNS FROM `auth_user` [ RunTime:0.315704s ]
[ sql ] [ SQL ] SELECT * FROM `auth_user` WHERE  (  username='q' and password='123' ) LIMIT 1 [ RunTime:0.036736s ]

---------------------------------------------------------------
