[ 2017-06-28T11:14:52+08:00 ] 192.168.98.130 192.168.98.179 POST /index.php/test/Index/app
[ log ] 192.168.98.130/index.php/test/Index/app [运行时间：0.173516s][吞吐率：5.76req/s] [内存消耗：2,353.17kb] [文件加载：52]
[ info ] [ LANG ] C:\phpstuby\WWW\thinkphp\thinkphp\lang\zh-cn.php
[ info ] [ ROUTE ] array (
  'type' => 'module',
  'module' => 
  array (
    0 => 'test',
    1 => 'Index',
    2 => 'app',
  ),
)
[ info ] [ HEADER ] array (
  'accept' => 'application/json',
  'content-type' => 'application/json; charset=utf-8',
  'content-length' => '33',
  'host' => '192.168.98.130',
  'connection' => 'Keep-Alive',
  'accept-encoding' => 'gzip',
  'user-agent' => 'okhttp/3.4.1',
)
[ info ] [ PARAM ] array (
  'username' => 'q',
  'password' => '123',
)
[ info ] [ RUN ] app\test\controller\Index->app[ C:\phpstuby\WWW\thinkphp\application\test\controller\Index.php ]
[ info ] [ DB ] INIT mysql
[ info ] [ LOG ] INIT File
[ sql ] [ DB ] CONNECT:[ UseTime:0.013369s ] mysql:dbname=school;host=127.0.0.1;port=3306;charset=utf8
[ sql ] [ SQL ] SHOW COLUMNS FROM `auth_user` [ RunTime:0.024813s ]
[ sql ] [ SQL ] SELECT * FROM `auth_user` WHERE  (  username='q' and password='123' ) LIMIT 1 [ RunTime:0.017159s ]

---------------------------------------------------------------
[ 2017-06-28T11:14:52+08:00 ] 192.168.98.130 192.168.98.179 POST /index.php/test/Index/app
[ log ] 192.168.98.130/index.php/test/Index/app [运行时间：1.095412s][吞吐率：0.91req/s] [内存消耗：2,353.17kb] [文件加载：52]
[ info ] [ LANG ] C:\phpstuby\WWW\thinkphp\thinkphp\lang\zh-cn.php
[ info ] [ ROUTE ] array (
  'type' => 'module',
  'module' => 
  array (
    0 => 'test',
    1 => 'Index',
    2 => 'app',
  ),
)
[ info ] [ HEADER ] array (
  'accept' => 'application/json',
  'content-type' => 'application/json; charset=utf-8',
  'content-length' => '33',
  'host' => '192.168.98.130',
  'connection' => 'Keep-Alive',
  'accept-encoding' => 'gzip',
  'user-agent' => 'okhttp/3.4.1',
)
[ info ] [ PARAM ] array (
  'username' => 'q',
  'password' => '123',
)
[ info ] [ RUN ] app\test\controller\Index->app[ C:\phpstuby\WWW\thinkphp\application\test\controller\Index.php ]
[ info ] [ DB ] INIT mysql
[ info ] [ LOG ] INIT File
[ sql ] [ DB ] CONNECT:[ UseTime:0.029124s ] mysql:dbname=school;host=127.0.0.1;port=3306;charset=utf8
[ sql ] [ SQL ] SHOW COLUMNS FROM `auth_user` [ RunTime:0.135260s ]
[ sql ] [ SQL ] SELECT * FROM `auth_user` WHERE  (  username='q' and password='123' ) LIMIT 1 [ RunTime:0.017073s ]

---------------------------------------------------------------
[ 2017-06-28T11:53:25+08:00 ] 192.168.98.130 192.168.98.179 POST /index.php/test/Index/app
[ log ] 192.168.98.130/index.php/test/Index/app [运行时间：1.443096s][吞吐率：0.69req/s] [内存消耗：2,352.98kb] [文件加载：52]
[ info ] [ LANG ] C:\phpstuby\WWW\thinkphp\thinkphp\lang\zh-cn.php
[ info ] [ ROUTE ] array (
  'type' => 'module',
  'module' => 
  array (
    0 => 'test',
    1 => 'Index',
    2 => 'app',
  ),
)
[ info ] [ HEADER ] array (
  'accept' => 'application/json',
  'content-type' => 'application/json; charset=utf-8',
  'content-length' => '33',
  'host' => '192.168.98.130',
  'connection' => 'Keep-Alive',
  'accept-encoding' => 'gzip',
  'user-agent' => 'okhttp/3.4.1',
)
[ info ] [ PARAM ] array (
  'username' => 'q',
  'password' => '123',
)
[ info ] [ RUN ] app\test\controller\Index->app[ C:\phpstuby\WWW\thinkphp\application\test\controller\Index.php ]
[ info ] [ DB ] INIT mysql
[ info ] [ LOG ] INIT File
[ sql ] [ DB ] CONNECT:[ UseTime:0.395065s ] mysql:dbname=school;host=127.0.0.1;port=3306;charset=utf8
[ sql ] [ SQL ] SHOW COLUMNS FROM `auth_user` [ RunTime:0.378142s ]
[ sql ] [ SQL ] SELECT * FROM `auth_user` WHERE  (  username='q' and password='123' ) LIMIT 1 [ RunTime:0.071041s ]

---------------------------------------------------------------
[ 2017-06-28T11:53:25+08:00 ] 192.168.98.130 192.168.98.130 GET /index.php
[ log ] 192.168.98.130/index.php [运行时间：0.478950s][吞吐率：2.09req/s] [内存消耗：1,953.31kb] [文件加载：48]
[ info ] [ LANG ] C:\phpstuby\WWW\thinkphp\thinkphp\lang\zh-cn.php
[ info ] [ ROUTE ] array (
  'type' => 'module',
  'module' => 
  array (
    0 => '',
    1 => NULL,
    2 => NULL,
  ),
)
[ info ] [ HEADER ] array (
  'host' => '192.168.98.130',
  'accept-encoding' => 'compress,gzip',
  'connection' => 'Close',
)
[ info ] [ PARAM ] array (
)
[ info ] [ SESSION ] INIT array (
  'id' => '',
  'var_session_id' => '',
  'prefix' => 'think',
  'type' => '',
  'auto_start' => true,
)
[ info ] [ LOG ] INIT File

---------------------------------------------------------------
[ 2017-06-28T11:53:25+08:00 ] 192.168.98.130 192.168.98.179 POST /index.php/test/Index/app
[ log ] 192.168.98.130/index.php/test/Index/app [运行时间：0.180056s][吞吐率：5.55req/s] [内存消耗：2,353.18kb] [文件加载：52]
[ info ] [ LANG ] C:\phpstuby\WWW\thinkphp\thinkphp\lang\zh-cn.php
[ info ] [ ROUTE ] array (
  'type' => 'module',
  'module' => 
  array (
    0 => 'test',
    1 => 'Index',
    2 => 'app',
  ),
)
[ info ] [ HEADER ] array (
  'accept' => 'application/json',
  'content-type' => 'application/json; charset=utf-8',
  'content-length' => '33',
  'host' => '192.168.98.130',
  'connection' => 'Keep-Alive',
  'accept-encoding' => 'gzip',
  'user-agent' => 'okhttp/3.4.1',
)
[ info ] [ PARAM ] array (
  'username' => 'q',
  'password' => '123',
)
[ info ] [ RUN ] app\test\controller\Index->app[ C:\phpstuby\WWW\thinkphp\application\test\controller\Index.php ]
[ info ] [ DB ] INIT mysql
[ info ] [ LOG ] INIT File
[ sql ] [ DB ] CONNECT:[ UseTime:0.122723s ] mysql:dbname=school;host=127.0.0.1;port=3306;charset=utf8
[ sql ] [ SQL ] SHOW COLUMNS FROM `auth_user` [ RunTime:0.007411s ]
[ sql ] [ SQL ] SELECT * FROM `auth_user` WHERE  (  username='q' and password='123' ) LIMIT 1 [ RunTime:0.000684s ]

---------------------------------------------------------------
[ 2017-06-28T11:53:28+08:00 ] 192.168.98.130 192.168.98.179 POST /index.php/test/Index/app
[ log ] 192.168.98.130/index.php/test/Index/app [运行时间：0.060285s][吞吐率：16.59req/s] [内存消耗：2,353.18kb] [文件加载：52]
[ info ] [ LANG ] C:\phpstuby\WWW\thinkphp\thinkphp\lang\zh-cn.php
[ info ] [ ROUTE ] array (
  'type' => 'module',
  'module' => 
  array (
    0 => 'test',
    1 => 'Index',
    2 => 'app',
  ),
)
[ info ] [ HEADER ] array (
  'accept' => 'application/json',
  'content-type' => 'application/json; charset=utf-8',
  'content-length' => '33',
  'host' => '192.168.98.130',
  'connection' => 'Keep-Alive',
  'accept-encoding' => 'gzip',
  'user-agent' => 'okhttp/3.4.1',
)
[ info ] [ PARAM ] array (
  'username' => 'q',
  'password' => '123',
)
[ info ] [ RUN ] app\test\controller\Index->app[ C:\phpstuby\WWW\thinkphp\application\test\controller\Index.php ]
[ info ] [ DB ] INIT mysql
[ info ] [ LOG ] INIT File
[ sql ] [ DB ] CONNECT:[ UseTime:0.003958s ] mysql:dbname=school;host=127.0.0.1;port=3306;charset=utf8
[ sql ] [ SQL ] SHOW COLUMNS FROM `auth_user` [ RunTime:0.008279s ]
[ sql ] [ SQL ] SELECT * FROM `auth_user` WHERE  (  username='q' and password='123' ) LIMIT 1 [ RunTime:0.000684s ]

---------------------------------------------------------------
[ 2017-06-28T14:32:50+08:00 ] 192.168.98.130 192.168.98.179 POST /index.php/test/Index/app
[ log ] 192.168.98.130/index.php/test/Index/app [运行时间：1.449834s][吞吐率：0.69req/s] [内存消耗：2,353.18kb] [文件加载：52]
[ info ] [ LANG ] C:\phpstuby\WWW\thinkphp\thinkphp\lang\zh-cn.php
[ info ] [ ROUTE ] array (
  'type' => 'module',
  'module' => 
  array (
    0 => 'test',
    1 => 'Index',
    2 => 'app',
  ),
)
[ info ] [ HEADER ] array (
  'accept' => 'application/json',
  'content-type' => 'application/json; charset=utf-8',
  'content-length' => '33',
  'host' => '192.168.98.130',
  'connection' => 'Keep-Alive',
  'accept-encoding' => 'gzip',
  'user-agent' => 'okhttp/3.4.1',
)
[ info ] [ PARAM ] array (
  'username' => 'q',
  'password' => '123',
)
[ info ] [ RUN ] app\test\controller\Index->app[ C:\phpstuby\WWW\thinkphp\application\test\controller\Index.php ]
[ info ] [ DB ] INIT mysql
[ info ] [ LOG ] INIT File
[ sql ] [ DB ] CONNECT:[ UseTime:0.113651s ] mysql:dbname=school;host=127.0.0.1;port=3306;charset=utf8
[ sql ] [ SQL ] SHOW COLUMNS FROM `auth_user` [ RunTime:0.227440s ]
[ sql ] [ SQL ] SELECT * FROM `auth_user` WHERE  (  username='q' and password='123' ) LIMIT 1 [ RunTime:0.022685s ]

---------------------------------------------------------------
[ 2017-06-28T16:49:53+08:00 ] 192.168.98.130 192.168.98.159 POST /index.php/test/Index/app
[ log ] 192.168.98.130/index.php/test/Index/app [运行时间：1.788698s][吞吐率：0.56req/s] [内存消耗：2,353.18kb] [文件加载：52]
[ info ] [ LANG ] C:\phpstuby\WWW\thinkphp\thinkphp\lang\zh-cn.php
[ info ] [ ROUTE ] array (
  'type' => 'module',
  'module' => 
  array (
    0 => 'test',
    1 => 'Index',
    2 => 'app',
  ),
)
[ info ] [ HEADER ] array (
  'accept' => 'application/json',
  'content-type' => 'application/json; charset=utf-8',
  'content-length' => '33',
  'host' => '192.168.98.130',
  'connection' => 'Keep-Alive',
  'accept-encoding' => 'gzip',
  'user-agent' => 'okhttp/3.4.1',
)
[ info ] [ PARAM ] array (
  'username' => 'q',
  'password' => '123',
)
[ info ] [ RUN ] app\test\controller\Index->app[ C:\phpstuby\WWW\thinkphp\application\test\controller\Index.php ]
[ info ] [ DB ] INIT mysql
[ info ] [ LOG ] INIT File
[ sql ] [ DB ] CONNECT:[ UseTime:0.339941s ] mysql:dbname=school;host=127.0.0.1;port=3306;charset=utf8
[ sql ] [ SQL ] SHOW COLUMNS FROM `auth_user` [ RunTime:0.241946s ]
[ sql ] [ SQL ] SELECT * FROM `auth_user` WHERE  (  username='q' and password='123' ) LIMIT 1 [ RunTime:0.046876s ]

---------------------------------------------------------------
[ 2017-06-28T16:49:53+08:00 ] 192.168.98.130 192.168.98.159 POST /index.php/test/Index/app
[ log ] 192.168.98.130/index.php/test/Index/app [运行时间：0.802030s][吞吐率：1.25req/s] [内存消耗：2,353.18kb] [文件加载：52]
[ info ] [ LANG ] C:\phpstuby\WWW\thinkphp\thinkphp\lang\zh-cn.php
[ info ] [ ROUTE ] array (
  'type' => 'module',
  'module' => 
  array (
    0 => 'test',
    1 => 'Index',
    2 => 'app',
  ),
)
[ info ] [ HEADER ] array (
  'accept' => 'application/json',
  'content-type' => 'application/json; charset=utf-8',
  'content-length' => '33',
  'host' => '192.168.98.130',
  'connection' => 'Keep-Alive',
  'accept-encoding' => 'gzip',
  'user-agent' => 'okhttp/3.4.1',
)
[ info ] [ PARAM ] array (
  'username' => 'q',
  'password' => '123',
)
[ info ] [ RUN ] app\test\controller\Index->app[ C:\phpstuby\WWW\thinkphp\application\test\controller\Index.php ]
[ info ] [ DB ] INIT mysql
[ info ] [ LOG ] INIT File
[ sql ] [ DB ] CONNECT:[ UseTime:0.258018s ] mysql:dbname=school;host=127.0.0.1;port=3306;charset=utf8
[ sql ] [ SQL ] SHOW COLUMNS FROM `auth_user` [ RunTime:0.241948s ]
[ sql ] [ SQL ] SELECT * FROM `auth_user` WHERE  (  username='q' and password='123' ) LIMIT 1 [ RunTime:0.046863s ]

---------------------------------------------------------------
