[ 2017-07-22T09:21:53+08:00 ] 60.205.45.246 113.129.231.72 POST /index.php/api/Api/nav
[ log ] www.ryaonet.cn/index.php/api/Api/nav [运行时间：0.101073s][吞吐率：9.89req/s] [内存消耗：3,250.76kb] [文件加载：52]
[ info ] [ LANG ] /data/home/bxu2713310775/htdocs/thinkphp/lang/zh-cn.php
[ info ] [ ROUTE ] array (
  'type' => 'module',
  'module' => 
  array (
    0 => 'api',
    1 => 'Api',
    2 => 'nav',
  ),
)
[ info ] [ HEADER ] array (
  'content-length' => '16',
  'content-type' => 'application/json; charset=utf-8',
  'accept' => 'application/json',
  'accept-encoding' => 'gzip',
  'connection' => 'Keep-Alive',
  'cookie' => 'PHPSESSID=lbo4bf6s1u052oe97mmcsgdst5',
  'host' => 'www.ryaonet.cn',
  'user-agent' => 'okhttp/3.4.1',
)
[ info ] [ PARAM ] array (
  'userid' => '123',
)
[ info ] [ RUN ] app\api\controller\Api->nav[ /data/home/bxu2713310775/htdocs/application/api/controller/Api.php ]
[ info ] [ DB ] INIT mysql
[ info ] [ DB ] INIT mysql
[ info ] [ DB ] INIT mysql
[ info ] [ DB ] INIT mysql
[ info ] [ DB ] INIT mysql
[ info ] [ LOG ] INIT File
[ sql ] [ DB ] CONNECT:[ UseTime:0.030230s ] mysql:dbname=bdm290812320_db;host=bdm290812320.my3w.com;port=3306;charset=utf8
[ sql ] [ SQL ] SHOW COLUMNS FROM `family` [ RunTime:0.003066s ]
[ sql ] [ SQL ] SELECT * FROM `family` WHERE  (  telphone='123' ) LIMIT 1 [ RunTime:0.002282s ]
[ sql ] [ DB ] CONNECT:[ UseTime:0.003323s ] mysql:dbname=bdm290812320_db;host=bdm290812320.my3w.com;port=3306;charset=utf8
[ sql ] [ SQL ] SELECT * FROM `family` INNER JOIN `student` `student` ON `family`.`id`=`student`.`fid` WHERE  (  family.id=22 ) LIMIT 1 [ RunTime:0.002572s ]
[ sql ] [ DB ] CONNECT:[ UseTime:0.003314s ] mysql:dbname=bdm290812320_db;host=bdm290812320.my3w.com;port=3306;charset=utf8
[ sql ] [ SQL ] SHOW COLUMNS FROM `teacher` [ RunTime:0.002800s ]
[ sql ] [ SQL ] SELECT `truename` FROM `teacher` WHERE  (  id=14 ) LIMIT 1 [ RunTime:0.002379s ]
[ sql ] [ SQL ] SELECT `telphone` FROM `teacher` WHERE  (  id=14 ) LIMIT 1 [ RunTime:0.002283s ]
[ sql ] [ DB ] CONNECT:[ UseTime:0.003562s ] mysql:dbname=bdm290812320_db;host=bdm290812320.my3w.com;port=3306;charset=utf8
[ sql ] [ SQL ] SHOW COLUMNS FROM `class` [ RunTime:0.002990s ]
[ sql ] [ SQL ] SELECT `class_name` FROM `class` WHERE  (  id=4 ) LIMIT 1 [ RunTime:0.002409s ]

---------------------------------------------------------------
[ 2017-07-22T09:22:07+08:00 ] 60.205.45.246 113.129.231.72 POST /index.php/api/Api/neiye
[ log ] www.ryaonet.cn/index.php/api/Api/neiye [运行时间：0.060323s][吞吐率：16.58req/s] [内存消耗：3,251.82kb] [文件加载：52]
[ info ] [ LANG ] /data/home/bxu2713310775/htdocs/thinkphp/lang/zh-cn.php
[ info ] [ ROUTE ] array (
  'type' => 'module',
  'module' => 
  array (
    0 => 'api',
    1 => 'Api',
    2 => 'neiye',
  ),
)
[ info ] [ HEADER ] array (
  'content-length' => '11',
  'content-type' => 'application/json; charset=utf-8',
  'accept' => 'application/json',
  'accept-encoding' => 'gzip',
  'connection' => 'Keep-Alive',
  'cookie' => 'PHPSESSID=lbo4bf6s1u052oe97mmcsgdst5',
  'host' => 'www.ryaonet.cn',
  'user-agent' => 'okhttp/3.4.1',
)
[ info ] [ PARAM ] array (
  'wid' => '6',
)
[ info ] [ RUN ] app\api\controller\Api->neiye[ /data/home/bxu2713310775/htdocs/application/api/controller/Api.php ]
[ info ] [ DB ] INIT mysql
[ info ] [ DB ] INIT mysql
[ info ] [ LOG ] INIT File
[ sql ] [ DB ] CONNECT:[ UseTime:0.005383s ] mysql:dbname=bdm290812320_db;host=bdm290812320.my3w.com;port=3306;charset=utf8
[ sql ] [ SQL ] SHOW COLUMNS FROM `news` [ RunTime:0.003101s ]
[ sql ] [ SQL ] SELECT * FROM `news` WHERE  (  id='6' ) LIMIT 1 [ RunTime:0.002426s ]
[ sql ] [ DB ] CONNECT:[ UseTime:0.003758s ] mysql:dbname=bdm290812320_db;host=bdm290812320.my3w.com;port=3306;charset=utf8
[ sql ] [ SQL ] SHOW COLUMNS FROM `teacher` [ RunTime:0.002682s ]
[ sql ] [ SQL ] SELECT `truename` FROM `teacher` WHERE  (  id=3 ) LIMIT 1 [ RunTime:0.002225s ]

---------------------------------------------------------------
[ 2017-07-22T09:22:16+08:00 ] 60.205.45.246 113.129.231.72 POST /index.php/api/Api/tongzhi
[ log ] www.ryaonet.cn/index.php/api/Api/tongzhi [运行时间：0.054857s][吞吐率：18.23req/s] [内存消耗：3,281.20kb] [文件加载：52]
[ info ] [ LANG ] /data/home/bxu2713310775/htdocs/thinkphp/lang/zh-cn.php
[ info ] [ ROUTE ] array (
  'type' => 'module',
  'module' => 
  array (
    0 => 'api',
    1 => 'Api',
    2 => 'tongzhi',
  ),
)
[ info ] [ HEADER ] array (
  'content-length' => '11',
  'content-type' => 'application/json; charset=utf-8',
  'accept' => 'application/json',
  'accept-encoding' => 'gzip',
  'connection' => 'Keep-Alive',
  'cookie' => 'PHPSESSID=lbo4bf6s1u052oe97mmcsgdst5',
  'host' => 'www.ryaonet.cn',
  'user-agent' => 'okhttp/3.4.1',
)
[ info ] [ PARAM ] array (
  0 => 'carrage=1',
)
[ info ] [ RUN ] app\api\controller\Api->tongzhi[ /data/home/bxu2713310775/htdocs/application/api/controller/Api.php ]
[ info ] [ DB ] INIT mysql
[ info ] [ LOG ] INIT File
[ sql ] [ DB ] CONNECT:[ UseTime:0.005452s ] mysql:dbname=bdm290812320_db;host=bdm290812320.my3w.com;port=3306;charset=utf8
[ sql ] [ SQL ] SHOW COLUMNS FROM `news` [ RunTime:0.003318s ]
[ sql ] [ SQL ] SELECT * FROM `news` ORDER BY id desc [ RunTime:0.005712s ]

---------------------------------------------------------------
[ 2017-07-22T09:22:28+08:00 ] 60.205.45.246 113.129.231.72 POST /index.php/api/Api/richeng
[ log ] www.ryaonet.cn/index.php/api/Api/richeng [运行时间：0.050410s][吞吐率：19.84req/s] [内存消耗：3,212.99kb] [文件加载：52]
[ info ] [ LANG ] /data/home/bxu2713310775/htdocs/thinkphp/lang/zh-cn.php
[ info ] [ ROUTE ] array (
  'type' => 'module',
  'module' => 
  array (
    0 => 'api',
    1 => 'Api',
    2 => 'richeng',
  ),
)
[ info ] [ HEADER ] array (
  'content-length' => '12',
  'content-type' => 'application/json; charset=utf-8',
  'accept' => 'application/json',
  'accept-encoding' => 'gzip',
  'connection' => 'Keep-Alive',
  'cookie' => 'PHPSESSID=lbo4bf6s1u052oe97mmcsgdst5',
  'host' => 'www.ryaonet.cn',
  'user-agent' => 'okhttp/3.4.1',
)
[ info ] [ PARAM ] array (
  'userid' => 1,
)
[ info ] [ RUN ] app\api\controller\Api->richeng[ /data/home/bxu2713310775/htdocs/application/api/controller/Api.php ]
[ info ] [ DB ] INIT mysql
[ info ] [ LOG ] INIT File
[ sql ] [ DB ] CONNECT:[ UseTime:0.005565s ] mysql:dbname=bdm290812320_db;host=bdm290812320.my3w.com;port=3306;charset=utf8
[ sql ] [ SQL ] SHOW COLUMNS FROM `calendar` [ RunTime:0.003233s ]
[ sql ] [ SQL ] SELECT * FROM `calendar` WHERE  (  day=1 ) ORDER BY id Asc [ RunTime:0.002511s ]

---------------------------------------------------------------
[ 2017-07-22T09:22:33+08:00 ] 60.205.45.246 113.129.231.72 POST /index.php/api/Api/richeng
[ log ] www.ryaonet.cn/index.php/api/Api/richeng [运行时间：0.049964s][吞吐率：20.01req/s] [内存消耗：3,213.00kb] [文件加载：52]
[ info ] [ LANG ] /data/home/bxu2713310775/htdocs/thinkphp/lang/zh-cn.php
[ info ] [ ROUTE ] array (
  'type' => 'module',
  'module' => 
  array (
    0 => 'api',
    1 => 'Api',
    2 => 'richeng',
  ),
)
[ info ] [ HEADER ] array (
  'content-length' => '12',
  'content-type' => 'application/json; charset=utf-8',
  'accept' => 'application/json',
  'accept-encoding' => 'gzip',
  'connection' => 'Keep-Alive',
  'cookie' => 'PHPSESSID=lbo4bf6s1u052oe97mmcsgdst5',
  'host' => 'www.ryaonet.cn',
  'user-agent' => 'okhttp/3.4.1',
)
[ info ] [ PARAM ] array (
  'userid' => 2,
)
[ info ] [ RUN ] app\api\controller\Api->richeng[ /data/home/bxu2713310775/htdocs/application/api/controller/Api.php ]
[ info ] [ DB ] INIT mysql
[ info ] [ LOG ] INIT File
[ sql ] [ DB ] CONNECT:[ UseTime:0.005562s ] mysql:dbname=bdm290812320_db;host=bdm290812320.my3w.com;port=3306;charset=utf8
[ sql ] [ SQL ] SHOW COLUMNS FROM `calendar` [ RunTime:0.003269s ]
[ sql ] [ SQL ] SELECT * FROM `calendar` WHERE  (  day=2 ) ORDER BY id Asc [ RunTime:0.002722s ]

---------------------------------------------------------------
[ 2017-07-22T09:22:38+08:00 ] 60.205.45.246 113.129.231.72 POST /index.php/api/Api/richeng
[ log ] www.ryaonet.cn/index.php/api/Api/richeng [运行时间：0.049347s][吞吐率：20.26req/s] [内存消耗：3,212.99kb] [文件加载：52]
[ info ] [ LANG ] /data/home/bxu2713310775/htdocs/thinkphp/lang/zh-cn.php
[ info ] [ ROUTE ] array (
  'type' => 'module',
  'module' => 
  array (
    0 => 'api',
    1 => 'Api',
    2 => 'richeng',
  ),
)
[ info ] [ HEADER ] array (
  'content-length' => '12',
  'content-type' => 'application/json; charset=utf-8',
  'accept' => 'application/json',
  'accept-encoding' => 'gzip',
  'connection' => 'Keep-Alive',
  'cookie' => 'PHPSESSID=lbo4bf6s1u052oe97mmcsgdst5',
  'host' => 'www.ryaonet.cn',
  'user-agent' => 'okhttp/3.4.1',
)
[ info ] [ PARAM ] array (
  'userid' => 3,
)
[ info ] [ RUN ] app\api\controller\Api->richeng[ /data/home/bxu2713310775/htdocs/application/api/controller/Api.php ]
[ info ] [ DB ] INIT mysql
[ info ] [ LOG ] INIT File
[ sql ] [ DB ] CONNECT:[ UseTime:0.005206s ] mysql:dbname=bdm290812320_db;host=bdm290812320.my3w.com;port=3306;charset=utf8
[ sql ] [ SQL ] SHOW COLUMNS FROM `calendar` [ RunTime:0.002928s ]
[ sql ] [ SQL ] SELECT * FROM `calendar` WHERE  (  day=3 ) ORDER BY id Asc [ RunTime:0.002391s ]

---------------------------------------------------------------
[ 2017-07-22T09:22:43+08:00 ] 60.205.45.246 113.129.231.72 POST /index.php/api/Api/qiandao
[ log ] ryaonet.cn/index.php/api/Api/qiandao [运行时间：0.049344s][吞吐率：20.27req/s] [内存消耗：3,213.30kb] [文件加载：52]
[ info ] [ LANG ] /data/home/bxu2713310775/htdocs/thinkphp/lang/zh-cn.php
[ info ] [ ROUTE ] array (
  'type' => 'module',
  'module' => 
  array (
    0 => 'api',
    1 => 'Api',
    2 => 'qiandao',
  ),
)
[ info ] [ HEADER ] array (
  'content-length' => '15',
  'content-type' => 'application/json; charset=utf-8',
  'accept' => 'application/json',
  'accept-encoding' => 'gzip',
  'connection' => 'Keep-Alive',
  'host' => 'ryaonet.cn',
  'user-agent' => 'okhttp/3.4.1',
)
[ info ] [ PARAM ] array (
  'classess' => '',
)
[ info ] [ RUN ] app\api\controller\Api->qiandao[ /data/home/bxu2713310775/htdocs/application/api/controller/Api.php ]
[ info ] [ DB ] INIT mysql
[ info ] [ LOG ] INIT File
[ sql ] [ DB ] CONNECT:[ UseTime:0.005338s ] mysql:dbname=bdm290812320_db;host=bdm290812320.my3w.com;port=3306;charset=utf8
[ sql ] [ SQL ] SHOW COLUMNS FROM `qiandao` [ RunTime:0.003011s ]
[ sql ] [ SQL ] SELECT * FROM `qiandao` [ RunTime:0.002326s ]

---------------------------------------------------------------
[ 2017-07-22T09:22:48+08:00 ] 60.205.45.246 113.129.231.72 POST /index.php/api/Api/qiandao
[ log ] ryaonet.cn/index.php/api/Api/qiandao [运行时间：0.052099s][吞吐率：19.19req/s] [内存消耗：3,213.30kb] [文件加载：52]
[ info ] [ LANG ] /data/home/bxu2713310775/htdocs/thinkphp/lang/zh-cn.php
[ info ] [ ROUTE ] array (
  'type' => 'module',
  'module' => 
  array (
    0 => 'api',
    1 => 'Api',
    2 => 'qiandao',
  ),
)
[ info ] [ HEADER ] array (
  'content-length' => '15',
  'content-type' => 'application/json; charset=utf-8',
  'accept' => 'application/json',
  'accept-encoding' => 'gzip',
  'connection' => 'Keep-Alive',
  'host' => 'ryaonet.cn',
  'user-agent' => 'okhttp/3.4.1',
)
[ info ] [ PARAM ] array (
  'classess' => '',
)
[ info ] [ RUN ] app\api\controller\Api->qiandao[ /data/home/bxu2713310775/htdocs/application/api/controller/Api.php ]
[ info ] [ DB ] INIT mysql
[ info ] [ LOG ] INIT File
[ sql ] [ DB ] CONNECT:[ UseTime:0.005758s ] mysql:dbname=bdm290812320_db;host=bdm290812320.my3w.com;port=3306;charset=utf8
[ sql ] [ SQL ] SHOW COLUMNS FROM `qiandao` [ RunTime:0.003380s ]
[ sql ] [ SQL ] SELECT * FROM `qiandao` [ RunTime:0.002649s ]

---------------------------------------------------------------
[ 2017-07-22T09:23:08+08:00 ] 60.205.45.246 113.129.231.72 POST /index.php/api/Api/jilu
[ log ] www.ryaonet.cn/index.php/api/Api/jilu [运行时间：0.085167s][吞吐率：11.74req/s] [内存消耗：3,257.05kb] [文件加载：52]
[ info ] [ LANG ] /data/home/bxu2713310775/htdocs/thinkphp/lang/zh-cn.php
[ info ] [ ROUTE ] array (
  'type' => 'module',
  'module' => 
  array (
    0 => 'api',
    1 => 'Api',
    2 => 'jilu',
  ),
)
[ info ] [ HEADER ] array (
  'content-length' => '2',
  'content-type' => 'application/json; charset=utf-8',
  'accept' => 'application/json',
  'accept-encoding' => 'gzip',
  'connection' => 'Keep-Alive',
  'cookie' => 'PHPSESSID=lbo4bf6s1u052oe97mmcsgdst5',
  'host' => 'www.ryaonet.cn',
  'user-agent' => 'okhttp/3.4.1',
)
[ info ] [ PARAM ] array (
  0 => '',
)
[ info ] [ RUN ] app\api\controller\Api->jilu[ /data/home/bxu2713310775/htdocs/application/api/controller/Api.php ]
[ info ] [ DB ] INIT mysql
[ info ] [ DB ] INIT mysql
[ info ] [ LOG ] INIT File
[ sql ] [ DB ] CONNECT:[ UseTime:0.005980s ] mysql:dbname=bdm290812320_db;host=bdm290812320.my3w.com;port=3306;charset=utf8
[ sql ] [ SQL ] SHOW COLUMNS FROM `record` [ RunTime:0.003659s ]
[ sql ] [ SQL ] SELECT * FROM `record` ORDER BY id desc [ RunTime:0.002937s ]
[ sql ] [ DB ] CONNECT:[ UseTime:0.003801s ] mysql:dbname=bdm290812320_db;host=bdm290812320.my3w.com;port=3306;charset=utf8
[ sql ] [ SQL ] SHOW COLUMNS FROM `family` [ RunTime:0.003088s ]
[ sql ] [ SQL ] SELECT `truename` FROM `family` WHERE  (  id=38 ) LIMIT 1 [ RunTime:0.002552s ]
[ sql ] [ SQL ] SELECT `truename` FROM `family` WHERE  (  id=35 ) LIMIT 1 [ RunTime:0.002544s ]
[ sql ] [ SQL ] SELECT `truename` FROM `family` WHERE  (  id=34 ) LIMIT 1 [ RunTime:0.002530s ]
[ sql ] [ SQL ] SELECT `truename` FROM `family` WHERE  (  id=14 ) LIMIT 1 [ RunTime:0.002594s ]
[ sql ] [ SQL ] SELECT `truename` FROM `family` WHERE  (  id=42 ) LIMIT 1 [ RunTime:0.002528s ]
[ sql ] [ SQL ] SELECT `truename` FROM `family` WHERE  (  id=41 ) LIMIT 1 [ RunTime:0.002534s ]
[ sql ] [ SQL ] SELECT `truename` FROM `family` WHERE  (  id=36 ) LIMIT 1 [ RunTime:0.002608s ]
[ sql ] [ SQL ] SELECT `truename` FROM `family` WHERE  (  id=14 ) LIMIT 1 [ RunTime:0.002452s ]
[ sql ] [ SQL ] SELECT `truename` FROM `family` WHERE  (  id=35 ) LIMIT 1 [ RunTime:0.002477s ]
[ sql ] [ SQL ] SELECT `truename` FROM `family` WHERE  (  id=34 ) LIMIT 1 [ RunTime:0.002497s ]

---------------------------------------------------------------
[ 2017-07-22T09:23:17+08:00 ] 60.205.45.246 113.129.231.72 POST /index.php/api/Api/jinei
[ log ] www.ryaonet.cn/index.php/api/Api/jinei [运行时间：0.051676s][吞吐率：19.35req/s] [内存消耗：3,241.95kb] [文件加载：52]
[ info ] [ LANG ] /data/home/bxu2713310775/htdocs/thinkphp/lang/zh-cn.php
[ info ] [ ROUTE ] array (
  'type' => 'module',
  'module' => 
  array (
    0 => 'api',
    1 => 'Api',
    2 => 'jinei',
  ),
)
[ info ] [ HEADER ] array (
  'content-length' => '15',
  'content-type' => 'application/json; charset=utf-8',
  'accept' => 'application/json',
  'accept-encoding' => 'gzip',
  'connection' => 'Keep-Alive',
  'cookie' => 'PHPSESSID=lbo4bf6s1u052oe97mmcsgdst5',
  'host' => 'www.ryaonet.cn',
  'user-agent' => 'okhttp/3.4.1',
)
[ info ] [ PARAM ] array (
  'userid' => '23',
)
[ info ] [ RUN ] app\api\controller\Api->jinei[ /data/home/bxu2713310775/htdocs/application/api/controller/Api.php ]
[ info ] [ DB ] INIT mysql
[ info ] [ LOG ] INIT File
[ sql ] [ DB ] CONNECT:[ UseTime:0.006082s ] mysql:dbname=bdm290812320_db;host=bdm290812320.my3w.com;port=3306;charset=utf8
[ sql ] [ SQL ] SHOW COLUMNS FROM `record` [ RunTime:0.003605s ]
[ sql ] [ SQL ] SELECT * FROM `record` WHERE  (  id='23' ) LIMIT 1 [ RunTime:0.002952s ]

---------------------------------------------------------------
[ 2017-07-22T09:23:55+08:00 ] 60.205.45.246 113.129.231.72 POST /index.php/api/Api/lenei
[ log ] www.ryaonet.cn/index.php/api/Api/lenei [运行时间：0.058440s][吞吐率：17.11req/s] [内存消耗：3,227.80kb] [文件加载：52]
[ info ] [ LANG ] /data/home/bxu2713310775/htdocs/thinkphp/lang/zh-cn.php
[ info ] [ ROUTE ] array (
  'type' => 'module',
  'module' => 
  array (
    0 => 'api',
    1 => 'Api',
    2 => 'lenei',
  ),
)
[ info ] [ HEADER ] array (
  'content-length' => '12',
  'content-type' => 'application/json; charset=utf-8',
  'accept' => 'application/json',
  'accept-encoding' => 'gzip',
  'connection' => 'Keep-Alive',
  'cookie' => 'PHPSESSID=lbo4bf6s1u052oe97mmcsgdst5',
  'host' => 'www.ryaonet.cn',
  'user-agent' => 'okhttp/3.4.1',
)
[ info ] [ PARAM ] array (
  'wid' => '20',
)
[ info ] [ RUN ] app\api\controller\Api->lenei[ /data/home/bxu2713310775/htdocs/application/api/controller/Api.php ]
[ info ] [ DB ] INIT mysql
[ info ] [ DB ] INIT mysql
[ info ] [ LOG ] INIT File
[ sql ] [ DB ] CONNECT:[ UseTime:0.005181s ] mysql:dbname=bdm290812320_db;host=bdm290812320.my3w.com;port=3306;charset=utf8
[ sql ] [ SQL ] SHOW COLUMNS FROM `funland` [ RunTime:0.003104s ]
[ sql ] [ SQL ] SELECT * FROM `funland` WHERE  (  id='20' ) LIMIT 1 [ RunTime:0.002358s ]
[ sql ] [ DB ] CONNECT:[ UseTime:0.003506s ] mysql:dbname=bdm290812320_db;host=bdm290812320.my3w.com;port=3306;charset=utf8
[ sql ] [ SQL ] SHOW COLUMNS FROM `teacher` [ RunTime:0.002779s ]
[ sql ] [ SQL ] SELECT `truename` FROM `teacher` WHERE  (  id=1 ) LIMIT 1 [ RunTime:0.002325s ]

---------------------------------------------------------------
[ 2017-07-22T09:24:27+08:00 ] 60.205.45.246 113.129.231.72 POST /index.php/api/Api/nav
[ log ] www.ryaonet.cn/index.php/api/Api/nav [运行时间：0.080631s][吞吐率：12.40req/s] [内存消耗：3,250.77kb] [文件加载：52]
[ info ] [ LANG ] /data/home/bxu2713310775/htdocs/thinkphp/lang/zh-cn.php
[ info ] [ ROUTE ] array (
  'type' => 'module',
  'module' => 
  array (
    0 => 'api',
    1 => 'Api',
    2 => 'nav',
  ),
)
[ info ] [ HEADER ] array (
  'content-length' => '16',
  'content-type' => 'application/json; charset=utf-8',
  'accept' => 'application/json',
  'accept-encoding' => 'gzip',
  'connection' => 'Keep-Alive',
  'cookie' => 'PHPSESSID=lbo4bf6s1u052oe97mmcsgdst5',
  'host' => 'www.ryaonet.cn',
  'user-agent' => 'okhttp/3.4.1',
)
[ info ] [ PARAM ] array (
  'userid' => '123',
)
[ info ] [ RUN ] app\api\controller\Api->nav[ /data/home/bxu2713310775/htdocs/application/api/controller/Api.php ]
[ info ] [ DB ] INIT mysql
[ info ] [ DB ] INIT mysql
[ info ] [ DB ] INIT mysql
[ info ] [ DB ] INIT mysql
[ info ] [ DB ] INIT mysql
[ info ] [ LOG ] INIT File
[ sql ] [ DB ] CONNECT:[ UseTime:0.005838s ] mysql:dbname=bdm290812320_db;host=bdm290812320.my3w.com;port=3306;charset=utf8
[ sql ] [ SQL ] SHOW COLUMNS FROM `family` [ RunTime:0.003259s ]
[ sql ] [ SQL ] SELECT * FROM `family` WHERE  (  telphone='123' ) LIMIT 1 [ RunTime:0.002548s ]
[ sql ] [ DB ] CONNECT:[ UseTime:0.003470s ] mysql:dbname=bdm290812320_db;host=bdm290812320.my3w.com;port=3306;charset=utf8
[ sql ] [ SQL ] SELECT * FROM `family` INNER JOIN `student` `student` ON `family`.`id`=`student`.`fid` WHERE  (  family.id=22 ) LIMIT 1 [ RunTime:0.002560s ]
[ sql ] [ DB ] CONNECT:[ UseTime:0.003778s ] mysql:dbname=bdm290812320_db;host=bdm290812320.my3w.com;port=3306;charset=utf8
[ sql ] [ SQL ] SHOW COLUMNS FROM `teacher` [ RunTime:0.003019s ]
[ sql ] [ SQL ] SELECT `truename` FROM `teacher` WHERE  (  id=14 ) LIMIT 1 [ RunTime:0.002522s ]
[ sql ] [ SQL ] SELECT `telphone` FROM `teacher` WHERE  (  id=14 ) LIMIT 1 [ RunTime:0.002487s ]
[ sql ] [ DB ] CONNECT:[ UseTime:0.003420s ] mysql:dbname=bdm290812320_db;host=bdm290812320.my3w.com;port=3306;charset=utf8
[ sql ] [ SQL ] SHOW COLUMNS FROM `class` [ RunTime:0.003247s ]
[ sql ] [ SQL ] SELECT `class_name` FROM `class` WHERE  (  id=4 ) LIMIT 1 [ RunTime:0.003926s ]

---------------------------------------------------------------
[ 2017-07-22T09:24:31+08:00 ] 60.205.45.246 113.129.231.72 POST /index.php/api/Api/nav
[ log ] www.ryaonet.cn/index.php/api/Api/nav [运行时间：0.077473s][吞吐率：12.91req/s] [内存消耗：3,250.77kb] [文件加载：52]
[ info ] [ LANG ] /data/home/bxu2713310775/htdocs/thinkphp/lang/zh-cn.php
[ info ] [ ROUTE ] array (
  'type' => 'module',
  'module' => 
  array (
    0 => 'api',
    1 => 'Api',
    2 => 'nav',
  ),
)
[ info ] [ HEADER ] array (
  'content-length' => '16',
  'content-type' => 'application/json; charset=utf-8',
  'accept' => 'application/json',
  'accept-encoding' => 'gzip',
  'connection' => 'Keep-Alive',
  'cookie' => 'PHPSESSID=lbo4bf6s1u052oe97mmcsgdst5',
  'host' => 'www.ryaonet.cn',
  'user-agent' => 'okhttp/3.4.1',
)
[ info ] [ PARAM ] array (
  'userid' => '123',
)
[ info ] [ RUN ] app\api\controller\Api->nav[ /data/home/bxu2713310775/htdocs/application/api/controller/Api.php ]
[ info ] [ DB ] INIT mysql
[ info ] [ DB ] INIT mysql
[ info ] [ DB ] INIT mysql
[ info ] [ DB ] INIT mysql
[ info ] [ DB ] INIT mysql
[ info ] [ LOG ] INIT File
[ sql ] [ DB ] CONNECT:[ UseTime:0.005499s ] mysql:dbname=bdm290812320_db;host=bdm290812320.my3w.com;port=3306;charset=utf8
[ sql ] [ SQL ] SHOW COLUMNS FROM `family` [ RunTime:0.003020s ]
[ sql ] [ SQL ] SELECT * FROM `family` WHERE  (  telphone='123' ) LIMIT 1 [ RunTime:0.002294s ]
[ sql ] [ DB ] CONNECT:[ UseTime:0.003411s ] mysql:dbname=bdm290812320_db;host=bdm290812320.my3w.com;port=3306;charset=utf8
[ sql ] [ SQL ] SELECT * FROM `family` INNER JOIN `student` `student` ON `family`.`id`=`student`.`fid` WHERE  (  family.id=22 ) LIMIT 1 [ RunTime:0.002340s ]
[ sql ] [ DB ] CONNECT:[ UseTime:0.003467s ] mysql:dbname=bdm290812320_db;host=bdm290812320.my3w.com;port=3306;charset=utf8
[ sql ] [ SQL ] SHOW COLUMNS FROM `teacher` [ RunTime:0.002821s ]
[ sql ] [ SQL ] SELECT `truename` FROM `teacher` WHERE  (  id=14 ) LIMIT 1 [ RunTime:0.002308s ]
[ sql ] [ SQL ] SELECT `telphone` FROM `teacher` WHERE  (  id=14 ) LIMIT 1 [ RunTime:0.002263s ]
[ sql ] [ DB ] CONNECT:[ UseTime:0.003271s ] mysql:dbname=bdm290812320_db;host=bdm290812320.my3w.com;port=3306;charset=utf8
[ sql ] [ SQL ] SHOW COLUMNS FROM `class` [ RunTime:0.002659s ]
[ sql ] [ SQL ] SELECT `class_name` FROM `class` WHERE  (  id=4 ) LIMIT 1 [ RunTime:0.002197s ]

---------------------------------------------------------------
[ 2017-07-22T09:24:34+08:00 ] 60.205.45.246 113.129.231.72 POST /index.php/api/Api/nav
[ log ] www.ryaonet.cn/index.php/api/Api/nav [运行时间：0.077813s][吞吐率：12.85req/s] [内存消耗：3,250.77kb] [文件加载：52]
[ info ] [ LANG ] /data/home/bxu2713310775/htdocs/thinkphp/lang/zh-cn.php
[ info ] [ ROUTE ] array (
  'type' => 'module',
  'module' => 
  array (
    0 => 'api',
    1 => 'Api',
    2 => 'nav',
  ),
)
[ info ] [ HEADER ] array (
  'content-length' => '16',
  'content-type' => 'application/json; charset=utf-8',
  'accept' => 'application/json',
  'accept-encoding' => 'gzip',
  'connection' => 'Keep-Alive',
  'cookie' => 'PHPSESSID=lbo4bf6s1u052oe97mmcsgdst5',
  'host' => 'www.ryaonet.cn',
  'user-agent' => 'okhttp/3.4.1',
)
[ info ] [ PARAM ] array (
  'userid' => '123',
)
[ info ] [ RUN ] app\api\controller\Api->nav[ /data/home/bxu2713310775/htdocs/application/api/controller/Api.php ]
[ info ] [ DB ] INIT mysql
[ info ] [ DB ] INIT mysql
[ info ] [ DB ] INIT mysql
[ info ] [ DB ] INIT mysql
[ info ] [ DB ] INIT mysql
[ info ] [ LOG ] INIT File
[ sql ] [ DB ] CONNECT:[ UseTime:0.005285s ] mysql:dbname=bdm290812320_db;host=bdm290812320.my3w.com;port=3306;charset=utf8
[ sql ] [ SQL ] SHOW COLUMNS FROM `family` [ RunTime:0.003064s ]
[ sql ] [ SQL ] SELECT * FROM `family` WHERE  (  telphone='123' ) LIMIT 1 [ RunTime:0.002398s ]
[ sql ] [ DB ] CONNECT:[ UseTime:0.003325s ] mysql:dbname=bdm290812320_db;host=bdm290812320.my3w.com;port=3306;charset=utf8
[ sql ] [ SQL ] SELECT * FROM `family` INNER JOIN `student` `student` ON `family`.`id`=`student`.`fid` WHERE  (  family.id=22 ) LIMIT 1 [ RunTime:0.002310s ]
[ sql ] [ DB ] CONNECT:[ UseTime:0.003878s ] mysql:dbname=bdm290812320_db;host=bdm290812320.my3w.com;port=3306;charset=utf8
[ sql ] [ SQL ] SHOW COLUMNS FROM `teacher` [ RunTime:0.003184s ]
[ sql ] [ SQL ] SELECT `truename` FROM `teacher` WHERE  (  id=14 ) LIMIT 1 [ RunTime:0.002557s ]
[ sql ] [ SQL ] SELECT `telphone` FROM `teacher` WHERE  (  id=14 ) LIMIT 1 [ RunTime:0.002552s ]
[ sql ] [ DB ] CONNECT:[ UseTime:0.003892s ] mysql:dbname=bdm290812320_db;host=bdm290812320.my3w.com;port=3306;charset=utf8
[ sql ] [ SQL ] SHOW COLUMNS FROM `class` [ RunTime:0.003102s ]
[ sql ] [ SQL ] SELECT `class_name` FROM `class` WHERE  (  id=4 ) LIMIT 1 [ RunTime:0.002578s ]

---------------------------------------------------------------
[ 2017-07-22T09:24:38+08:00 ] 60.205.45.246 113.129.231.72 POST /index.php/api/Api/xiangceji2
[ log ] www.ryaonet.cn/index.php/api/Api/xiangceji2 [运行时间：0.061506s][吞吐率：16.26req/s] [内存消耗：3,220.02kb] [文件加载：52]
[ info ] [ LANG ] /data/home/bxu2713310775/htdocs/thinkphp/lang/zh-cn.php
[ info ] [ ROUTE ] array (
  'type' => 'module',
  'module' => 
  array (
    0 => 'api',
    1 => 'Api',
    2 => 'xiangceji2',
  ),
)
[ info ] [ HEADER ] array (
  'content-length' => '2',
  'content-type' => 'application/json; charset=utf-8',
  'accept' => 'application/json',
  'accept-encoding' => 'gzip',
  'connection' => 'Keep-Alive',
  'cookie' => 'PHPSESSID=lbo4bf6s1u052oe97mmcsgdst5',
  'host' => 'www.ryaonet.cn',
  'user-agent' => 'okhttp/3.4.1',
)
[ info ] [ PARAM ] array (
  0 => '',
)
[ info ] [ RUN ] app\api\controller\Api->xiangceji2[ /data/home/bxu2713310775/htdocs/application/api/controller/Api.php ]
[ info ] [ DB ] INIT mysql
[ info ] [ DB ] INIT mysql
[ info ] [ LOG ] INIT File
[ sql ] [ DB ] CONNECT:[ UseTime:0.005282s ] mysql:dbname=bdm290812320_db;host=bdm290812320.my3w.com;port=3306;charset=utf8
[ sql ] [ SQL ] SHOW COLUMNS FROM `class_ablum` [ RunTime:0.003071s ]
[ sql ] [ SQL ] SELECT * FROM `class_ablum` WHERE  (  cid=4 ) [ RunTime:0.002358s ]
[ sql ] [ DB ] CONNECT:[ UseTime:0.003673s ] mysql:dbname=bdm290812320_db;host=bdm290812320.my3w.com;port=3306;charset=utf8
[ sql ] [ SQL ] SHOW COLUMNS FROM `class` [ RunTime:0.002783s ]
[ sql ] [ SQL ] SELECT `class_name` FROM `class` WHERE  (  id=4 ) LIMIT 1 [ RunTime:0.002376s ]
[ sql ] [ SQL ] SELECT `class_name` FROM `class` WHERE  (  id=4 ) LIMIT 1 [ RunTime:0.001200s ]
[ sql ] [ SQL ] SELECT `class_name` FROM `class` WHERE  (  id=4 ) LIMIT 1 [ RunTime:0.001200s ]

---------------------------------------------------------------
[ 2017-07-22T09:25:00+08:00 ] 60.205.45.246 113.129.231.72 POST /index.php/api/Api/nav
[ log ] www.ryaonet.cn/index.php/api/Api/nav [运行时间：0.077136s][吞吐率：12.96req/s] [内存消耗：3,250.77kb] [文件加载：52]
[ info ] [ LANG ] /data/home/bxu2713310775/htdocs/thinkphp/lang/zh-cn.php
[ info ] [ ROUTE ] array (
  'type' => 'module',
  'module' => 
  array (
    0 => 'api',
    1 => 'Api',
    2 => 'nav',
  ),
)
[ info ] [ HEADER ] array (
  'content-length' => '16',
  'content-type' => 'application/json; charset=utf-8',
  'accept' => 'application/json',
  'accept-encoding' => 'gzip',
  'connection' => 'Keep-Alive',
  'cookie' => 'PHPSESSID=lbo4bf6s1u052oe97mmcsgdst5',
  'host' => 'www.ryaonet.cn',
  'user-agent' => 'okhttp/3.4.1',
)
[ info ] [ PARAM ] array (
  'userid' => '123',
)
[ info ] [ RUN ] app\api\controller\Api->nav[ /data/home/bxu2713310775/htdocs/application/api/controller/Api.php ]
[ info ] [ DB ] INIT mysql
[ info ] [ DB ] INIT mysql
[ info ] [ DB ] INIT mysql
[ info ] [ DB ] INIT mysql
[ info ] [ DB ] INIT mysql
[ info ] [ LOG ] INIT File
[ sql ] [ DB ] CONNECT:[ UseTime:0.005231s ] mysql:dbname=bdm290812320_db;host=bdm290812320.my3w.com;port=3306;charset=utf8
[ sql ] [ SQL ] SHOW COLUMNS FROM `family` [ RunTime:0.002914s ]
[ sql ] [ SQL ] SELECT * FROM `family` WHERE  (  telphone='123' ) LIMIT 1 [ RunTime:0.002466s ]
[ sql ] [ DB ] CONNECT:[ UseTime:0.003342s ] mysql:dbname=bdm290812320_db;host=bdm290812320.my3w.com;port=3306;charset=utf8
[ sql ] [ SQL ] SELECT * FROM `family` INNER JOIN `student` `student` ON `family`.`id`=`student`.`fid` WHERE  (  family.id=22 ) LIMIT 1 [ RunTime:0.002360s ]
[ sql ] [ DB ] CONNECT:[ UseTime:0.003485s ] mysql:dbname=bdm290812320_db;host=bdm290812320.my3w.com;port=3306;charset=utf8
[ sql ] [ SQL ] SHOW COLUMNS FROM `teacher` [ RunTime:0.002827s ]
[ sql ] [ SQL ] SELECT `truename` FROM `teacher` WHERE  (  id=14 ) LIMIT 1 [ RunTime:0.002838s ]
[ sql ] [ SQL ] SELECT `telphone` FROM `teacher` WHERE  (  id=14 ) LIMIT 1 [ RunTime:0.002302s ]
[ sql ] [ DB ] CONNECT:[ UseTime:0.003466s ] mysql:dbname=bdm290812320_db;host=bdm290812320.my3w.com;port=3306;charset=utf8
[ sql ] [ SQL ] SHOW COLUMNS FROM `class` [ RunTime:0.002737s ]
[ sql ] [ SQL ] SELECT `class_name` FROM `class` WHERE  (  id=4 ) LIMIT 1 [ RunTime:0.002290s ]

---------------------------------------------------------------
[ 2017-07-22T09:25:12+08:00 ] 60.205.45.246 113.129.231.72 POST /index.php/api/Api/xiangceji
[ log ] www.ryaonet.cn/index.php/api/Api/xiangceji [运行时间：0.051278s][吞吐率：19.50req/s] [内存消耗：3,268.39kb] [文件加载：56]
[ info ] [ LANG ] /data/home/bxu2713310775/htdocs/thinkphp/lang/zh-cn.php
[ info ] [ ROUTE ] array (
  'type' => 'module',
  'module' => 
  array (
    0 => 'api',
    1 => 'Api',
    2 => 'xiangceji',
  ),
)
[ info ] [ HEADER ] array (
  'content-length' => '2',
  'content-type' => 'application/json; charset=utf-8',
  'accept' => 'application/json',
  'accept-encoding' => 'gzip',
  'connection' => 'Keep-Alive',
  'cookie' => 'PHPSESSID=lbo4bf6s1u052oe97mmcsgdst5',
  'host' => 'www.ryaonet.cn',
  'user-agent' => 'okhttp/3.4.1',
)
[ info ] [ PARAM ] array (
)
[ info ] [ RUN ] app\api\controller\Api->xiangceji[ /data/home/bxu2713310775/htdocs/application/api/controller/Api.php ]
[ info ] [ DB ] INIT mysql
[ info ] [ DB ] INIT mysql
[ info ] [ LOG ] INIT File
[ sql ] [ DB ] CONNECT:[ UseTime:0.005096s ] mysql:dbname=bdm290812320_db;host=bdm290812320.my3w.com;port=3306;charset=utf8
[ sql ] [ SQL ] SHOW COLUMNS FROM `class_ablum` [ RunTime:0.003126s ]
[ error ] [10501]SQLSTATE[42000]: Syntax error or access violation: 1064 You have an error in your SQL syntax; check the manual that corresponds to your MySQL server version for the right syntax to use near ')' at line 1[/data/home/bxu2713310775/htdocs/thinkphp/library/think/db/Connection.php:383]

---------------------------------------------------------------
[ 2017-07-22T09:25:19+08:00 ] 60.205.45.246 113.129.231.72 POST /index.php/api/Api/xiangceji
[ log ] www.ryaonet.cn/index.php/api/Api/xiangceji [运行时间：0.053616s][吞吐率：18.65req/s] [内存消耗：3,268.39kb] [文件加载：56]
[ info ] [ LANG ] /data/home/bxu2713310775/htdocs/thinkphp/lang/zh-cn.php
[ info ] [ ROUTE ] array (
  'type' => 'module',
  'module' => 
  array (
    0 => 'api',
    1 => 'Api',
    2 => 'xiangceji',
  ),
)
[ info ] [ HEADER ] array (
  'content-length' => '2',
  'content-type' => 'application/json; charset=utf-8',
  'accept' => 'application/json',
  'accept-encoding' => 'gzip',
  'connection' => 'Keep-Alive',
  'cookie' => 'PHPSESSID=lbo4bf6s1u052oe97mmcsgdst5',
  'host' => 'www.ryaonet.cn',
  'user-agent' => 'okhttp/3.4.1',
)
[ info ] [ PARAM ] array (
)
[ info ] [ RUN ] app\api\controller\Api->xiangceji[ /data/home/bxu2713310775/htdocs/application/api/controller/Api.php ]
[ info ] [ DB ] INIT mysql
[ info ] [ DB ] INIT mysql
[ info ] [ LOG ] INIT File
[ sql ] [ DB ] CONNECT:[ UseTime:0.006251s ] mysql:dbname=bdm290812320_db;host=bdm290812320.my3w.com;port=3306;charset=utf8
[ sql ] [ SQL ] SHOW COLUMNS FROM `class_ablum` [ RunTime:0.003018s ]
[ error ] [10501]SQLSTATE[42000]: Syntax error or access violation: 1064 You have an error in your SQL syntax; check the manual that corresponds to your MySQL server version for the right syntax to use near ')' at line 1[/data/home/bxu2713310775/htdocs/thinkphp/library/think/db/Connection.php:383]

---------------------------------------------------------------
[ 2017-07-22T09:25:31+08:00 ] 60.205.45.246 113.129.231.72 POST /index.php/api/Api/xiangceji
[ log ] www.ryaonet.cn/index.php/api/Api/xiangceji [运行时间：0.052257s][吞吐率：19.14req/s] [内存消耗：3,268.39kb] [文件加载：56]
[ info ] [ LANG ] /data/home/bxu2713310775/htdocs/thinkphp/lang/zh-cn.php
[ info ] [ ROUTE ] array (
  'type' => 'module',
  'module' => 
  array (
    0 => 'api',
    1 => 'Api',
    2 => 'xiangceji',
  ),
)
[ info ] [ HEADER ] array (
  'content-length' => '2',
  'content-type' => 'application/json; charset=utf-8',
  'accept' => 'application/json',
  'accept-encoding' => 'gzip',
  'connection' => 'Keep-Alive',
  'cookie' => 'PHPSESSID=lbo4bf6s1u052oe97mmcsgdst5',
  'host' => 'www.ryaonet.cn',
  'user-agent' => 'okhttp/3.4.1',
)
[ info ] [ PARAM ] array (
)
[ info ] [ RUN ] app\api\controller\Api->xiangceji[ /data/home/bxu2713310775/htdocs/application/api/controller/Api.php ]
[ info ] [ DB ] INIT mysql
[ info ] [ DB ] INIT mysql
[ info ] [ LOG ] INIT File
[ sql ] [ DB ] CONNECT:[ UseTime:0.005664s ] mysql:dbname=bdm290812320_db;host=bdm290812320.my3w.com;port=3306;charset=utf8
[ sql ] [ SQL ] SHOW COLUMNS FROM `class_ablum` [ RunTime:0.003293s ]
[ error ] [10501]SQLSTATE[42000]: Syntax error or access violation: 1064 You have an error in your SQL syntax; check the manual that corresponds to your MySQL server version for the right syntax to use near ')' at line 1[/data/home/bxu2713310775/htdocs/thinkphp/library/think/db/Connection.php:383]

---------------------------------------------------------------
[ 2017-07-22T09:25:38+08:00 ] 60.205.45.246 113.129.231.72 POST /index.php/api/Api/xiangceji
[ log ] www.ryaonet.cn/index.php/api/Api/xiangceji [运行时间：0.053418s][吞吐率：18.72req/s] [内存消耗：3,268.39kb] [文件加载：56]
[ info ] [ LANG ] /data/home/bxu2713310775/htdocs/thinkphp/lang/zh-cn.php
[ info ] [ ROUTE ] array (
  'type' => 'module',
  'module' => 
  array (
    0 => 'api',
    1 => 'Api',
    2 => 'xiangceji',
  ),
)
[ info ] [ HEADER ] array (
  'content-length' => '2',
  'content-type' => 'application/json; charset=utf-8',
  'accept' => 'application/json',
  'accept-encoding' => 'gzip',
  'connection' => 'Keep-Alive',
  'cookie' => 'PHPSESSID=lbo4bf6s1u052oe97mmcsgdst5',
  'host' => 'www.ryaonet.cn',
  'user-agent' => 'okhttp/3.4.1',
)
[ info ] [ PARAM ] array (
)
[ info ] [ RUN ] app\api\controller\Api->xiangceji[ /data/home/bxu2713310775/htdocs/application/api/controller/Api.php ]
[ info ] [ DB ] INIT mysql
[ info ] [ DB ] INIT mysql
[ info ] [ LOG ] INIT File
[ sql ] [ DB ] CONNECT:[ UseTime:0.005856s ] mysql:dbname=bdm290812320_db;host=bdm290812320.my3w.com;port=3306;charset=utf8
[ sql ] [ SQL ] SHOW COLUMNS FROM `class_ablum` [ RunTime:0.003275s ]
[ error ] [10501]SQLSTATE[42000]: Syntax error or access violation: 1064 You have an error in your SQL syntax; check the manual that corresponds to your MySQL server version for the right syntax to use near ')' at line 1[/data/home/bxu2713310775/htdocs/thinkphp/library/think/db/Connection.php:383]

---------------------------------------------------------------
[ 2017-07-22T09:25:47+08:00 ] 60.205.45.246 113.129.231.72 POST /index.php/api/Api/xiangceji2
[ log ] www.ryaonet.cn/index.php/api/Api/xiangceji2 [运行时间：0.067672s][吞吐率：14.78req/s] [内存消耗：3,220.02kb] [文件加载：52]
[ info ] [ LANG ] /data/home/bxu2713310775/htdocs/thinkphp/lang/zh-cn.php
[ info ] [ ROUTE ] array (
  'type' => 'module',
  'module' => 
  array (
    0 => 'api',
    1 => 'Api',
    2 => 'xiangceji2',
  ),
)
[ info ] [ HEADER ] array (
  'content-length' => '2',
  'content-type' => 'application/json; charset=utf-8',
  'accept' => 'application/json',
  'accept-encoding' => 'gzip',
  'connection' => 'Keep-Alive',
  'cookie' => 'PHPSESSID=lbo4bf6s1u052oe97mmcsgdst5',
  'host' => 'www.ryaonet.cn',
  'user-agent' => 'okhttp/3.4.1',
)
[ info ] [ PARAM ] array (
  0 => '',
)
[ info ] [ RUN ] app\api\controller\Api->xiangceji2[ /data/home/bxu2713310775/htdocs/application/api/controller/Api.php ]
[ info ] [ DB ] INIT mysql
[ info ] [ DB ] INIT mysql
[ info ] [ LOG ] INIT File
[ sql ] [ DB ] CONNECT:[ UseTime:0.006769s ] mysql:dbname=bdm290812320_db;host=bdm290812320.my3w.com;port=3306;charset=utf8
[ sql ] [ SQL ] SHOW COLUMNS FROM `class_ablum` [ RunTime:0.003111s ]
[ sql ] [ SQL ] SELECT * FROM `class_ablum` WHERE  (  cid=4 ) [ RunTime:0.002669s ]
[ sql ] [ DB ] CONNECT:[ UseTime:0.004538s ] mysql:dbname=bdm290812320_db;host=bdm290812320.my3w.com;port=3306;charset=utf8
[ sql ] [ SQL ] SHOW COLUMNS FROM `class` [ RunTime:0.003020s ]
[ sql ] [ SQL ] SELECT `class_name` FROM `class` WHERE  (  id=4 ) LIMIT 1 [ RunTime:0.002583s ]
[ sql ] [ SQL ] SELECT `class_name` FROM `class` WHERE  (  id=4 ) LIMIT 1 [ RunTime:0.001272s ]
[ sql ] [ SQL ] SELECT `class_name` FROM `class` WHERE  (  id=4 ) LIMIT 1 [ RunTime:0.001335s ]

---------------------------------------------------------------
[ 2017-07-22T13:01:05+08:00 ] 60.205.45.246 106.118.190.62 GET /
[ log ] www.ryaonet.cn/ [运行时间：0.034428s][吞吐率：29.05req/s] [内存消耗：2,604.10kb] [文件加载：48]
[ info ] [ LANG ] /data/home/bxu2713310775/htdocs/thinkphp/lang/zh-cn.php
[ info ] [ ROUTE ] array (
  'type' => 'module',
  'module' => 
  array (
    0 => '',
    1 => NULL,
    2 => NULL,
  ),
)
[ info ] [ HEADER ] array (
  'content-type' => 'application/x-www-form-urlencoded',
  'accept' => '*/*',
  'accept-language' => 'zh-cn',
  'connection' => 'Keep-Alive',
  'host' => 'www.ryaonet.cn',
  'user-agent' => 'Mozilla/4.0 (compatible; MSIE 9.0; Windows NT 6.1)',
)
[ info ] [ PARAM ] array (
)
[ info ] [ SESSION ] INIT array (
  'id' => '',
  'var_session_id' => '',
  'prefix' => 'think',
  'type' => '',
  'auto_start' => true,
)
[ info ] [ LOG ] INIT File

---------------------------------------------------------------
[ 2017-07-22T13:01:05+08:00 ] 60.205.45.246 106.118.190.62 GET /admin/login/login.html
[ log ] www.ryaonet.cn/admin/login/login.html [运行时间：0.032696s][吞吐率：30.58req/s] [内存消耗：2,264.76kb] [文件加载：46]
[ info ] [ LANG ] /data/home/bxu2713310775/htdocs/thinkphp/lang/zh-cn.php
[ info ] [ ROUTE ] array (
  'type' => 'module',
  'module' => 
  array (
    0 => 'admin',
    1 => 'login',
    2 => 'login',
  ),
)
[ info ] [ HEADER ] array (
  'content-type' => 'application/x-www-form-urlencoded',
  'accept' => '*/*',
  'accept-language' => 'zh-cn',
  'connection' => 'Keep-Alive',
  'cookie' => 'PHPSESSID=u8ajilt4bg77jhstsu0mc3phe4',
  'host' => 'www.ryaonet.cn',
  'user-agent' => 'Mozilla/4.0 (compatible; MSIE 9.0; Windows NT 6.1)',
)
[ info ] [ PARAM ] array (
)
[ info ] [ RUN ] app\admin\controller\Login->login[ /data/home/bxu2713310775/htdocs/application/admin/controller/Login.php ]
[ info ] [ SESSION ] INIT array (
  'id' => '',
  'var_session_id' => '',
  'prefix' => 'think',
  'type' => '',
  'auto_start' => true,
)
[ info ] [ VIEW ] /data/home/bxu2713310775/htdocs/application/admin/view/login/login.html [ array (
) ]
[ info ] [ LOG ] INIT File

---------------------------------------------------------------
[ 2017-07-22T13:28:36+08:00 ] 60.205.45.246 111.36.178.215 GET /favicon.ico
[ log ] www.ryaonet.cn/favicon.ico [运行时间：0.027631s][吞吐率：36.19req/s] [内存消耗：1,840.93kb] [文件加载：40]
[ info ] [ LANG ] /data/home/bxu2713310775/htdocs/thinkphp/lang/zh-cn.php
[ info ] [ ROUTE ] array (
  'type' => 'module',
  'module' => 
  array (
    0 => 'favicon.ico',
    1 => NULL,
    2 => NULL,
  ),
)
[ info ] [ HEADER ] array (
  'accept-encoding' => 'gzip, deflate, sdch',
  'accept-language' => 'zh-CN,zh;q=0.8',
  'connection' => 'keep-alive',
  'host' => 'www.ryaonet.cn',
  'user-agent' => 'Mozilla/5.0 (Windows NT 10.0; WOW64) AppleWebKit/537.36 (KHTML, like Gecko) Chrome/45.0.2454.101 Safari/537.36',
)
[ info ] [ PARAM ] array (
)
[ info ] [ LOG ] INIT File

---------------------------------------------------------------
[ 2017-07-22T15:53:42+08:00 ] 60.205.45.246 219.146.198.25 GET /favicon.ico
[ log ] www.ryaonet.cn/favicon.ico [运行时间：0.025463s][吞吐率：39.27req/s] [内存消耗：1,841.13kb] [文件加载：40]
[ info ] [ LANG ] /data/home/bxu2713310775/htdocs/thinkphp/lang/zh-cn.php
[ info ] [ ROUTE ] array (
  'type' => 'module',
  'module' => 
  array (
    0 => 'favicon.ico',
    1 => NULL,
    2 => NULL,
  ),
)
[ info ] [ HEADER ] array (
  'accept-encoding' => 'gzip, deflate, sdch',
  'connection' => 'Keep-Alive',
  'dnt' => '1',
  'host' => 'www.ryaonet.cn',
  'user-agent' => 'Mozilla/5.0 (Windows NT 10.0; WOW64) AppleWebKit/537.36 (KHTML, like Gecko) Chrome/49.0.2623.221 Safari/537.36 SE 2.X MetaSr 1.0',
)
[ info ] [ PARAM ] array (
)
[ info ] [ LOG ] INIT File

---------------------------------------------------------------
[ 2017-07-22T21:05:21+08:00 ] 60.205.45.246 112.224.20.108 POST /index.php/api/Api/nav
[ log ] www.ryaonet.cn/index.php/api/Api/nav [运行时间：0.085111s][吞吐率：11.75req/s] [内存消耗：3,286.84kb] [文件加载：56]
[ info ] [ LANG ] /data/home/bxu2713310775/htdocs/thinkphp/lang/zh-cn.php
[ info ] [ ROUTE ] array (
  'type' => 'module',
  'module' => 
  array (
    0 => 'api',
    1 => 'Api',
    2 => 'nav',
  ),
)
[ info ] [ HEADER ] array (
  'content-length' => '16',
  'content-type' => 'application/json; charset=utf-8',
  'accept' => 'application/json',
  'accept-encoding' => 'gzip',
  'connection' => 'Keep-Alive',
  'cookie' => 'PHPSESSID=p0fn61bncb6tv31qbk624idfh3',
  'host' => 'www.ryaonet.cn',
  'user-agent' => 'okhttp/3.4.1',
)
[ info ] [ PARAM ] array (
  'userid' => '999',
)
[ info ] [ RUN ] app\api\controller\Api->nav[ /data/home/bxu2713310775/htdocs/application/api/controller/Api.php ]
[ info ] [ DB ] INIT mysql
[ info ] [ DB ] INIT mysql
[ info ] [ DB ] INIT mysql
[ info ] [ DB ] INIT mysql
[ info ] [ DB ] INIT mysql
[ info ] [ LOG ] INIT File
[ sql ] [ DB ] CONNECT:[ UseTime:0.031756s ] mysql:dbname=bdm290812320_db;host=bdm290812320.my3w.com;port=3306;charset=utf8
[ sql ] [ SQL ] SHOW COLUMNS FROM `family` [ RunTime:0.003327s ]
[ sql ] [ SQL ] SELECT * FROM `family` WHERE  (  telphone='999' ) LIMIT 1 [ RunTime:0.002698s ]
[ sql ] [ DB ] CONNECT:[ UseTime:0.003533s ] mysql:dbname=bdm290812320_db;host=bdm290812320.my3w.com;port=3306;charset=utf8
[ error ] [10501]SQLSTATE[42000]: Syntax error or access violation: 1064 You have an error in your SQL syntax; check the manual that corresponds to your MySQL server version for the right syntax to use near ') LIMIT 1' at line 1[/data/home/bxu2713310775/htdocs/thinkphp/library/think/db/Connection.php:383]

---------------------------------------------------------------
[ 2017-07-22T21:05:22+08:00 ] 60.205.45.246 112.224.20.108 POST /index.php/admin/Qiandao/getinfo
[ log ] www.ryaonet.cn/index.php/admin/Qiandao/getinfo [运行时间：0.026745s][吞吐率：37.39req/s] [内存消耗：1,836.53kb] [文件加载：40]
[ info ] [ LANG ] /data/home/bxu2713310775/htdocs/thinkphp/lang/zh-cn.php
[ info ] [ ROUTE ] array (
  'type' => 'module',
  'module' => 
  array (
    0 => 'admin',
    1 => 'Qiandao',
    2 => 'getinfo',
  ),
)
[ info ] [ HEADER ] array (
  'content-length' => '16',
  'content-type' => 'application/json; charset=utf-8',
  'accept' => 'application/json',
  'accept-encoding' => 'gzip',
  'connection' => 'Keep-Alive',
  'cookie' => 'PHPSESSID=p0fn61bncb6tv31qbk624idfh3',
  'host' => 'www.ryaonet.cn',
  'user-agent' => 'okhttp/3.4.1',
)
[ info ] [ PARAM ] array (
  'classess' => '2',
)
[ info ] [ LOG ] INIT File

---------------------------------------------------------------
[ 2017-07-22T21:05:26+08:00 ] 60.205.45.246 112.224.20.108 POST /index.php/api/Api/dongtai
[ log ] www.ryaonet.cn/index.php/api/Api/dongtai [运行时间：0.053656s][吞吐率：18.64req/s] [内存消耗：3,281.26kb] [文件加载：52]
[ info ] [ LANG ] /data/home/bxu2713310775/htdocs/thinkphp/lang/zh-cn.php
[ info ] [ ROUTE ] array (
  'type' => 'module',
  'module' => 
  array (
    0 => 'api',
    1 => 'Api',
    2 => 'dongtai',
  ),
)
[ info ] [ HEADER ] array (
  'content-length' => '2',
  'content-type' => 'application/json; charset=utf-8',
  'accept' => 'application/json',
  'accept-encoding' => 'gzip',
  'connection' => 'Keep-Alive',
  'cookie' => 'PHPSESSID=p0fn61bncb6tv31qbk624idfh3',
  'host' => 'www.ryaonet.cn',
  'user-agent' => 'okhttp/3.4.1',
)
[ info ] [ PARAM ] array (
  0 => '',
)
[ info ] [ RUN ] app\api\controller\Api->dongtai[ /data/home/bxu2713310775/htdocs/application/api/controller/Api.php ]
[ info ] [ DB ] INIT mysql
[ info ] [ LOG ] INIT File
[ sql ] [ DB ] CONNECT:[ UseTime:0.005611s ] mysql:dbname=bdm290812320_db;host=bdm290812320.my3w.com;port=3306;charset=utf8
[ sql ] [ SQL ] SHOW COLUMNS FROM `news` [ RunTime:0.003407s ]
[ sql ] [ SQL ] SELECT * FROM `news` ORDER BY id Asc [ RunTime:0.005700s ]

---------------------------------------------------------------
[ 2017-07-22T21:05:35+08:00 ] 60.205.45.246 112.224.20.108 POST /index.php/api/Api/dongtai
[ log ] www.ryaonet.cn/index.php/api/Api/dongtai [运行时间：0.052856s][吞吐率：18.92req/s] [内存消耗：3,280.80kb] [文件加载：52]
[ info ] [ LANG ] /data/home/bxu2713310775/htdocs/thinkphp/lang/zh-cn.php
[ info ] [ ROUTE ] array (
  'type' => 'module',
  'module' => 
  array (
    0 => 'api',
    1 => 'Api',
    2 => 'dongtai',
  ),
)
[ info ] [ HEADER ] array (
  'content-length' => '9',
  'content-type' => 'application/x-www-form-urlencoded; charset=utf-8',
  'accept-encoding' => 'gzip',
  'connection' => 'Keep-Alive',
  'cookie' => 'PHPSESSID=p0fn61bncb6tv31qbk624idfh3',
  'host' => 'www.ryaonet.cn',
  'user-agent' => 'okhttp/3.4.1',
)
[ info ] [ PARAM ] array (
  'currage' => '2',
)
[ info ] [ RUN ] app\api\controller\Api->dongtai[ /data/home/bxu2713310775/htdocs/application/api/controller/Api.php ]
[ info ] [ DB ] INIT mysql
[ info ] [ LOG ] INIT File
[ sql ] [ DB ] CONNECT:[ UseTime:0.005264s ] mysql:dbname=bdm290812320_db;host=bdm290812320.my3w.com;port=3306;charset=utf8
[ sql ] [ SQL ] SHOW COLUMNS FROM `news` [ RunTime:0.003031s ]
[ sql ] [ SQL ] SELECT * FROM `news` ORDER BY id Asc [ RunTime:0.005078s ]

---------------------------------------------------------------
